This is pdfTeX, Version 3.141592653-2.6-1.40.26 (TeX Live 2024/nixos.org) (preloaded format=pdflatex 1980.1.1)  15 FEB 2026 11:58
entering extended mode
 restricted \write18 enabled.
 %&-line parsing enabled.
**main.tex
(./main.tex
LaTeX2e <2024-11-01> patch level 2
L3 programming layer <2025-01-18>

LaTeX Warning: \include should only be used after \begin{document} on input lin
e 2.

(./main.preambel.tex
(/nix/store/vdfydf2g9pzrd0sx8595ab9qac3ybgml-texlive-combined-full-2024-final-t
exmfdist/tex/latex/koma-script/scrartcl.cls
Document Class: scrartcl 2024/10/24 v3.43 KOMA-Script document class (article)

(/nix/store/vdfydf2g9pzrd0sx8595ab9qac3ybgml-texlive-combined-full-2024-final-t
exmfdist/tex/latex/koma-script/scrkbase.sty
Package: scrkbase 2024/10/24 v3.43 KOMA-Script package (KOMA-Script-dependent b
asics and keyval usage)

(/nix/store/vdfydf2g9pzrd0sx8595ab9qac3ybgml-texlive-combined-full-2024-final-t
exmfdist/tex/latex/koma-script/scrbase.sty
Package: scrbase 2024/10/24 v3.43 KOMA-Script package (KOMA-Script-independent 
basics and keyval usage)

(/nix/store/vdfydf2g9pzrd0sx8595ab9qac3ybgml-texlive-combined-full-2024-final-t
exmfdist/tex/latex/koma-script/scrlfile.sty
Package: scrlfile 2024/10/24 v3.43 KOMA-Script package (file load hooks)

(/nix/store/vdfydf2g9pzrd0sx8595ab9qac3ybgml-texlive-combined-full-2024-final-t
exmfdist/tex/latex/koma-script/scrlfile-hook.sty
Package: scrlfile-hook 2024/10/24 v3.43 KOMA-Script package (using LaTeX hooks)


(/nix/store/vdfydf2g9pzrd0sx8595ab9qac3ybgml-texlive-combined-full-2024-final-t
exmfdist/tex/latex/koma-script/scrlogo.sty
Package: scrlogo 2024/10/24 v3.43 KOMA-Script package (logo)
)))
(/nix/store/vdfydf2g9pzrd0sx8595ab9qac3ybgml-texlive-combined-full-2024-final-t
exmfdist/tex/latex/graphics/keyval.sty
Package: keyval 2022/05/29 v1.15 key=value parser (DPC)
\KV@toks@=\toks17
)
Applying: [2021/05/01] Usage of raw or classic option list on input line 254.
Already applied: [0000/00/00] Usage of raw or classic option list on input line
 370.
))
(/nix/store/vdfydf2g9pzrd0sx8595ab9qac3ybgml-texlive-combined-full-2024-final-t
exmfdist/tex/latex/koma-script/tocbasic.sty
Package: tocbasic 2024/10/24 v3.43 KOMA-Script package (handling toc-files)
\scr@dte@tocline@numberwidth=\skip49
\scr@dte@tocline@numbox=\box52
)
Package tocbasic Info: omitting babel extension for `toc'
(tocbasic)             because of feature `nobabel' available
(tocbasic)             for `toc' on input line 135.
Package scrartcl Info: You've used standard option `12pt'.
(scrartcl)             This is correct!
(scrartcl)             Internally I'm using `fontsize=12pt'.
(scrartcl)             If you'd like to set the option with \KOMAoptions,
(scrartcl)             you'd have to use `fontsize=12pt' there
(scrartcl)             instead of `12pt', too.
Class scrartcl Info: You've used standard option `oneside'.
(scrartcl)           This is correct!
(scrartcl)           Internally I'm using `twoside=false'.
(scrartcl)           If you'd like to set the option with \KOMAoptions,
(scrartcl)           you'd have to use `twoside=false' there
(scrartcl)           instead of `oneside', too.
Class scrartcl Info: File `scrsize12pt.clo' used to setup font sizes on input l
ine 2466.

(/nix/store/vdfydf2g9pzrd0sx8595ab9qac3ybgml-texlive-combined-full-2024-final-t
exmfdist/tex/latex/koma-script/scrsize12pt.clo
File: scrsize12pt.clo 2024/10/24 v3.43 KOMA-Script font size class option (12pt
)
)
(/nix/store/vdfydf2g9pzrd0sx8595ab9qac3ybgml-texlive-combined-full-2024-final-t
exmfdist/tex/latex/koma-script/typearea.sty
Package: typearea 2024/10/24 v3.43 KOMA-Script package (type area)
\ta@bcor=\skip50
\ta@div=\count196
Package typearea Info: You've used standard option `oneside'.
(typearea)             This is correct!
(typearea)             Internally I'm using `twoside=false'.
(typearea)             If you'd like to set the option with \KOMAoptions,
(typearea)             you'd have to use `twoside=false' there
(typearea)             instead of `oneside', too.
\ta@hblk=\skip51
\ta@vblk=\skip52
\ta@temp=\skip53
\footheight=\skip54
Package typearea Info: These are the values describing the layout:
(typearea)             DIV  = 15
(typearea)             BCOR = 0.0pt
(typearea)             \paperwidth      = 597.50793pt
(typearea)              \textwidth      = 478.00635pt
(typearea)              DIV departure   = -13%
(typearea)              \evensidemargin = -12.5192pt
(typearea)              \oddsidemargin  = -12.5192pt
(typearea)             \paperheight     = 845.04694pt
(typearea)              \textheight     = 679.0pt
(typearea)              \topmargin      = -55.80853pt
(typearea)              \headheight     = 18.125pt
(typearea)              \headsep        = 21.75pt
(typearea)              \topskip        = 12.0pt
(typearea)              \footskip       = 50.75pt
(typearea)              \baselineskip   = 14.5pt
(typearea)              on input line 1802.
)
\c@part=\count197
\c@section=\count198
\c@subsection=\count199
\c@subsubsection=\count266
\c@paragraph=\count267
\c@subparagraph=\count268
\scr@dte@section@maxnumwidth=\skip55
Class scrartcl Info: using compatibility default `runin=bysign'
(scrartcl)           for `\section on input line 5107.
Class scrartcl Info: using compatibility default `afterindent=bysign'
(scrartcl)           for `\section on input line 5107.
\scr@dte@part@maxnumwidth=\skip56
Class scrartcl Info: using compatibility default `afterindent=false'
(scrartcl)           for `\part on input line 5115.
\scr@dte@subsection@maxnumwidth=\skip57
Class scrartcl Info: using compatibility default `runin=bysign'
(scrartcl)           for `\subsection on input line 5125.
Class scrartcl Info: using compatibility default `afterindent=bysign'
(scrartcl)           for `\subsection on input line 5125.
\scr@dte@subsubsection@maxnumwidth=\skip58
Class scrartcl Info: using compatibility default `runin=bysign'
(scrartcl)           for `\subsubsection on input line 5135.
Class scrartcl Info: using compatibility default `afterindent=bysign'
(scrartcl)           for `\subsubsection on input line 5135.
\scr@dte@paragraph@maxnumwidth=\skip59
Class scrartcl Info: using compatibility default `runin=bysign'
(scrartcl)           for `\paragraph on input line 5146.
Class scrartcl Info: using compatibility default `afterindent=bysign'
(scrartcl)           for `\paragraph on input line 5146.
\scr@dte@subparagraph@maxnumwidth=\skip60
Class scrartcl Info: using compatibility default `runin=bysign'
(scrartcl)           for `\subparagraph on input line 5156.
Class scrartcl Info: using compatibility default `afterindent=bysign'
(scrartcl)           for `\subparagraph on input line 5156.
\abovecaptionskip=\skip61
\belowcaptionskip=\skip62
\c@pti@nb@sid@b@x=\box53
Package tocbasic Info: omitting babel extension for `lof'
(tocbasic)             because of feature `nobabel' available
(tocbasic)             for `lof' on input line 6337.
\scr@dte@figure@maxnumwidth=\skip63
\c@figure=\count269
Package tocbasic Info: omitting babel extension for `lot'
(tocbasic)             because of feature `nobabel' available
(tocbasic)             for `lot' on input line 6353.
\scr@dte@table@maxnumwidth=\skip64
\c@table=\count270
Class scrartcl Info: Redefining `\numberline' on input line 6523.
\bibindent=\dimen141
)
(/nix/store/vdfydf2g9pzrd0sx8595ab9qac3ybgml-texlive-combined-full-2024-final-t
exmfdist/tex/generic/babel/babel.sty
Package: babel 2025/02/14 v25.4 The multilingual framework for pdfLaTeX, LuaLaT
eX and XeLaTeX
\babel@savecnt=\count271
\U@D=\dimen142
\l@unhyphenated=\language90

(/nix/store/vdfydf2g9pzrd0sx8595ab9qac3ybgml-texlive-combined-full-2024-final-t
exmfdist/tex/generic/babel/txtbabel.def)
\bbl@readstream=\read2
\bbl@dirlevel=\count272

(/nix/store/vdfydf2g9pzrd0sx8595ab9qac3ybgml-texlive-combined-full-2024-final-t
exmfdist/tex/generic/babel-english/english.ldf
Language: english 2017/06/06 v3.3r English support from the babel system
Package babel Info: Hyphen rules for 'canadian' set to \l@english
(babel)             (\language0). Reported on input line 102.
Package babel Info: Hyphen rules for 'australian' set to \l@ukenglish
(babel)             (\language24). Reported on input line 105.
Package babel Info: Hyphen rules for 'newzealand' set to \l@ukenglish
(babel)             (\language24). Reported on input line 108.
))
(/nix/store/vdfydf2g9pzrd0sx8595ab9qac3ybgml-texlive-combined-full-2024-final-t
exmfdist/tex/generic/babel/locale/en/babel-english.tex
Package babel Info: Importing font and identification data for english
(babel)             from babel-en.ini. Reported on input line 11.
)
(/nix/store/vdfydf2g9pzrd0sx8595ab9qac3ybgml-texlive-combined-full-2024-final-t
exmfdist/tex/latex/base/inputenc.sty
Package: inputenc 2024/02/08 v1.3d Input encoding file
\inpenc@prehook=\toks18
\inpenc@posthook=\toks19
)
(/nix/store/vdfydf2g9pzrd0sx8595ab9qac3ybgml-texlive-combined-full-2024-final-t
exmfdist/tex/latex/lm/lmodern.sty
Package: lmodern 2015/05/01 v1.6.1 Latin Modern Fonts
LaTeX Font Info:    Overwriting symbol font `operators' in version `normal'
(Font)                  OT1/cmr/m/n --> OT1/lmr/m/n on input line 22.
LaTeX Font Info:    Overwriting symbol font `letters' in version `normal'
(Font)                  OML/cmm/m/it --> OML/lmm/m/it on input line 23.
LaTeX Font Info:    Overwriting symbol font `symbols' in version `normal'
(Font)                  OMS/cmsy/m/n --> OMS/lmsy/m/n on input line 24.
LaTeX Font Info:    Overwriting symbol font `largesymbols' in version `normal'
(Font)                  OMX/cmex/m/n --> OMX/lmex/m/n on input line 25.
LaTeX Font Info:    Overwriting symbol font `operators' in version `bold'
(Font)                  OT1/cmr/bx/n --> OT1/lmr/bx/n on input line 26.
LaTeX Font Info:    Overwriting symbol font `letters' in version `bold'
(Font)                  OML/cmm/b/it --> OML/lmm/b/it on input line 27.
LaTeX Font Info:    Overwriting symbol font `symbols' in version `bold'
(Font)                  OMS/cmsy/b/n --> OMS/lmsy/b/n on input line 28.
LaTeX Font Info:    Overwriting symbol font `largesymbols' in version `bold'
(Font)                  OMX/cmex/m/n --> OMX/lmex/m/n on input line 29.
LaTeX Font Info:    Overwriting math alphabet `\mathbf' in version `normal'
(Font)                  OT1/cmr/bx/n --> OT1/lmr/bx/n on input line 31.
LaTeX Font Info:    Overwriting math alphabet `\mathsf' in version `normal'
(Font)                  OT1/cmss/m/n --> OT1/lmss/m/n on input line 32.
LaTeX Font Info:    Overwriting math alphabet `\mathit' in version `normal'
(Font)                  OT1/cmr/m/it --> OT1/lmr/m/it on input line 33.
LaTeX Font Info:    Overwriting math alphabet `\mathtt' in version `normal'
(Font)                  OT1/cmtt/m/n --> OT1/lmtt/m/n on input line 34.
LaTeX Font Info:    Overwriting math alphabet `\mathbf' in version `bold'
(Font)                  OT1/cmr/bx/n --> OT1/lmr/bx/n on input line 35.
LaTeX Font Info:    Overwriting math alphabet `\mathsf' in version `bold'
(Font)                  OT1/cmss/bx/n --> OT1/lmss/bx/n on input line 36.
LaTeX Font Info:    Overwriting math alphabet `\mathit' in version `bold'
(Font)                  OT1/cmr/bx/it --> OT1/lmr/bx/it on input line 37.
LaTeX Font Info:    Overwriting math alphabet `\mathtt' in version `bold'
(Font)                  OT1/cmtt/m/n --> OT1/lmtt/m/n on input line 38.
)
(/nix/store/vdfydf2g9pzrd0sx8595ab9qac3ybgml-texlive-combined-full-2024-final-t
exmfdist/tex/latex/base/fontenc.sty
Package: fontenc 2021/04/29 v2.0v Standard LaTeX package
LaTeX Font Info:    Trying to load font information for T1+lmr on input line 11
6.

(/nix/store/vdfydf2g9pzrd0sx8595ab9qac3ybgml-texlive-combined-full-2024-final-t
exmfdist/tex/latex/lm/t1lmr.fd
File: t1lmr.fd 2015/05/01 v1.6.1 Font defs for Latin Modern
))
(/nix/store/vdfydf2g9pzrd0sx8595ab9qac3ybgml-texlive-combined-full-2024-final-t
exmfdist/tex/latex/koma-script/scrlayer-scrpage.sty
Package: scrlayer-scrpage 2024/10/24 v3.43 KOMA-Script package (end user interf
ace for scrlayer)

(/nix/store/vdfydf2g9pzrd0sx8595ab9qac3ybgml-texlive-combined-full-2024-final-t
exmfdist/tex/latex/koma-script/scrlayer.sty
Package: scrlayer 2024/10/24 v3.43 KOMA-Script package (defining layers and pag
e styles)
Package scrlayer Info: patching LaTeX kernel macro \pagestyle on input line 218
2.
)
Package scrlayer-scrpage Info: Makeing stand-alone element `pagehead' from
(scrlayer-scrpage)             alias to `pageheadfoot' on input line 1106.
)
(/nix/store/vdfydf2g9pzrd0sx8595ab9qac3ybgml-texlive-combined-full-2024-final-t
exmfdist/tex/latex/amsmath/amsmath.sty
Package: amsmath 2024/11/05 v2.17t AMS math features
\@mathmargin=\skip65

For additional information on amsmath, use the `?' option.

(/nix/store/vdfydf2g9pzrd0sx8595ab9qac3ybgml-texlive-combined-full-2024-final-t
exmfdist/tex/latex/amsmath/amstext.sty
Package: amstext 2021/08/26 v2.01 AMS text

(/nix/store/vdfydf2g9pzrd0sx8595ab9qac3ybgml-texlive-combined-full-2024-final-t
exmfdist/tex/latex/amsmath/amsgen.sty
File: amsgen.sty 1999/11/30 v2.0 generic functions
\@emptytoks=\toks20
\ex@=\dimen143
))
(/nix/store/vdfydf2g9pzrd0sx8595ab9qac3ybgml-texlive-combined-full-2024-final-t
exmfdist/tex/latex/amsmath/amsbsy.sty
Package: amsbsy 1999/11/29 v1.2d Bold Symbols
\pmbraise@=\dimen144
)
(/nix/store/vdfydf2g9pzrd0sx8595ab9qac3ybgml-texlive-combined-full-2024-final-t
exmfdist/tex/latex/amsmath/amsopn.sty
Package: amsopn 2022/04/08 v2.04 operator names
)
\inf@bad=\count273
LaTeX Info: Redefining \frac on input line 233.
\uproot@=\count274
\leftroot@=\count275
LaTeX Info: Redefining \overline on input line 398.
LaTeX Info: Redefining \colon on input line 409.
\classnum@=\count276
\DOTSCASE@=\count277
LaTeX Info: Redefining \ldots on input line 495.
LaTeX Info: Redefining \dots on input line 498.
LaTeX Info: Redefining \cdots on input line 619.
\Mathstrutbox@=\box54
\strutbox@=\box55
LaTeX Info: Redefining \big on input line 721.
LaTeX Info: Redefining \Big on input line 722.
LaTeX Info: Redefining \bigg on input line 723.
LaTeX Info: Redefining \Bigg on input line 724.
\big@size=\dimen145
LaTeX Font Info:    Redeclaring font encoding OML on input line 742.
LaTeX Font Info:    Redeclaring font encoding OMS on input line 743.
\macc@depth=\count278
LaTeX Info: Redefining \bmod on input line 904.
LaTeX Info: Redefining \pmod on input line 909.
LaTeX Info: Redefining \smash on input line 939.
LaTeX Info: Redefining \relbar on input line 969.
LaTeX Info: Redefining \Relbar on input line 970.
\c@MaxMatrixCols=\count279
\dotsspace@=\muskip17
\c@parentequation=\count280
\dspbrk@lvl=\count281
\tag@help=\toks21
\row@=\count282
\column@=\count283
\maxfields@=\count284
\andhelp@=\toks22
\eqnshift@=\dimen146
\alignsep@=\dimen147
\tagshift@=\dimen148
\tagwidth@=\dimen149
\totwidth@=\dimen150
\lineht@=\dimen151
\@envbody=\toks23
\multlinegap=\skip66
\multlinetaggap=\skip67
\mathdisplay@stack=\toks24
LaTeX Info: Redefining \[ on input line 2953.
LaTeX Info: Redefining \] on input line 2954.
)
(/nix/store/vdfydf2g9pzrd0sx8595ab9qac3ybgml-texlive-combined-full-2024-final-t
exmfdist/tex/latex/amsmath/amsxtra.sty
Package: amsxtra 1999/11/15 v1.2c AMS extra commands
LaTeX Info: Redefining \nobreakspace on input line 54.
)
(/nix/store/vdfydf2g9pzrd0sx8595ab9qac3ybgml-texlive-combined-full-2024-final-t
exmfdist/tex/latex/eurosym/eurosym.sty
Package: eurosym 1998/08/06 v1.1 European currency symbol ``Euro''
\@eurobox=\box56
)
(/nix/store/vdfydf2g9pzrd0sx8595ab9qac3ybgml-texlive-combined-full-2024-final-t
exmfdist/tex/latex/siunitx/siunitx.sty
Package: siunitx 2025-02-27 v3.4.6 A comprehensive (SI) units package
\l__siunitx_number_uncert_offset_int=\count285
\l__siunitx_number_exponent_fixed_int=\count286
\l__siunitx_number_min_decimal_int=\count287
\l__siunitx_number_min_integer_int=\count288
\l__siunitx_number_round_precision_int=\count289
\l__siunitx_number_lower_threshold_int=\count290
\l__siunitx_number_upper_threshold_int=\count291
\l__siunitx_number_group_first_int=\count292
\l__siunitx_number_group_size_int=\count293
\l__siunitx_number_group_minimum_int=\count294
\l__siunitx_angle_tmp_dim=\dimen152
\l__siunitx_angle_marker_box=\box57
\l__siunitx_angle_unit_box=\box58
\l__siunitx_compound_count_int=\count295

(/nix/store/vdfydf2g9pzrd0sx8595ab9qac3ybgml-texlive-combined-full-2024-final-t
exmfdist/tex/latex/translations/translations.sty
Package: translations 2022/02/05 v1.12 internationalization of LaTeX2e packages
 (CN)

(/nix/store/vdfydf2g9pzrd0sx8595ab9qac3ybgml-texlive-combined-full-2024-final-t
exmfdist/tex/latex/etoolbox/etoolbox.sty
Package: etoolbox 2025/02/11 v2.5l e-TeX tools for LaTeX (JAW)
\etb@tempcnta=\count296
)
(/nix/store/vdfydf2g9pzrd0sx8595ab9qac3ybgml-texlive-combined-full-2024-final-t
exmfdist/tex/generic/pdftexcmds/pdftexcmds.sty
Package: pdftexcmds 2020-06-27 v0.33 Utility functions of pdfTeX for LuaTeX (HO
)

(/nix/store/vdfydf2g9pzrd0sx8595ab9qac3ybgml-texlive-combined-full-2024-final-t
exmfdist/tex/generic/infwarerr/infwarerr.sty
Package: infwarerr 2019/12/03 v1.5 Providing info/warning/error messages (HO)
)
(/nix/store/vdfydf2g9pzrd0sx8595ab9qac3ybgml-texlive-combined-full-2024-final-t
exmfdist/tex/generic/iftex/iftex.sty
Package: iftex 2024/12/12 v1.0g TeX engine tests
)
(/nix/store/vdfydf2g9pzrd0sx8595ab9qac3ybgml-texlive-combined-full-2024-final-t
exmfdist/tex/generic/ltxcmds/ltxcmds.sty
Package: ltxcmds 2023-12-04 v1.26 LaTeX kernel commands for general use (HO)
)
Package pdftexcmds Info: \pdf@primitive is available.
Package pdftexcmds Info: \pdf@ifprimitive is available.
Package pdftexcmds Info: \pdfdraftmode found.
))
\l__siunitx_table_tmp_box=\box59
\l__siunitx_table_tmp_dim=\dimen153
\l__siunitx_table_column_width_dim=\dimen154
\l__siunitx_table_integer_box=\box60
\l__siunitx_table_decimal_box=\box61
\l__siunitx_table_uncert_box=\box62
\l__siunitx_table_before_box=\box63
\l__siunitx_table_after_box=\box64
\l__siunitx_table_before_dim=\dimen155
\l__siunitx_table_carry_dim=\dimen156
\l__siunitx_unit_tmp_int=\count297
\l__siunitx_unit_position_int=\count298
\l__siunitx_unit_total_int=\count299

(/nix/store/vdfydf2g9pzrd0sx8595ab9qac3ybgml-texlive-combined-full-2024-final-t
exmfdist/tex/latex/tools/array.sty
Package: array 2024/10/17 v2.6g Tabular extension package (FMi)
\col@sep=\dimen157
\ar@mcellbox=\box65
\extrarowheight=\dimen158
\NC@list=\toks25
\extratabsurround=\skip68
\backup@length=\skip69
\ar@cellbox=\box66
))
(/nix/store/vdfydf2g9pzrd0sx8595ab9qac3ybgml-texlive-combined-full-2024-final-t
exmfdist/tex/latex/mhchem/mhchem.sty
Package: mhchem 2024/01/29 v4.10 for typesetting chemical formulae

(/nix/store/vdfydf2g9pzrd0sx8595ab9qac3ybgml-texlive-combined-full-2024-final-t
exmfdist/tex/latex/l3kernel/expl3.sty
Package: expl3 2025-01-18 L3 programming layer (loader) 

(/nix/store/vdfydf2g9pzrd0sx8595ab9qac3ybgml-texlive-combined-full-2024-final-t
exmfdist/tex/latex/l3backend/l3backend-pdftex.def
File: l3backend-pdftex.def 2024-05-08 L3 backend support: PDF output (pdfTeX)
\l__color_backend_stack_int=\count300
\l__pdf_internal_box=\box67
))
(/nix/store/vdfydf2g9pzrd0sx8595ab9qac3ybgml-texlive-combined-full-2024-final-t
exmfdist/tex/latex/l3packages/l3keys2e/l3keys2e.sty
Package: l3keys2e 2024-08-16 LaTeX2e option processing using LaTeX3 keys
)
(/nix/store/vdfydf2g9pzrd0sx8595ab9qac3ybgml-texlive-combined-full-2024-final-t
exmfdist/tex/latex/tools/calc.sty
Package: calc 2023/07/08 v4.3 Infix arithmetic (KKT,FJ)
\calc@Acount=\count301
\calc@Bcount=\count302
\calc@Adimen=\dimen159
\calc@Bdimen=\dimen160
\calc@Askip=\skip70
\calc@Bskip=\skip71
LaTeX Info: Redefining \setlength on input line 80.
LaTeX Info: Redefining \addtolength on input line 81.
\calc@Ccount=\count303
\calc@Cskip=\skip72
)
(/nix/store/vdfydf2g9pzrd0sx8595ab9qac3ybgml-texlive-combined-full-2024-final-t
exmfdist/tex/latex/chemgreek/chemgreek.sty
(/nix/store/vdfydf2g9pzrd0sx8595ab9qac3ybgml-texlive-combined-full-2024-final-t
exmfdist/tex/latex/l3packages/xparse/xparse.sty
Package: xparse 2024-08-16 L3 Experimental document command parser
)
Package: chemgreek 2020/01/16 v1.1a interface for upright Greek letters for use
 in chemistry (CN)
\l__chemgreek_tmpa_int=\count304
\g__chemgreek_tmpa_int=\count305
)
(/nix/store/vdfydf2g9pzrd0sx8595ab9qac3ybgml-texlive-combined-full-2024-final-t
exmfdist/tex/latex/graphics/graphics.sty
Package: graphics 2024/08/06 v1.4g Standard LaTeX Graphics (DPC,SPQR)

(/nix/store/vdfydf2g9pzrd0sx8595ab9qac3ybgml-texlive-combined-full-2024-final-t
exmfdist/tex/latex/graphics/trig.sty
Package: trig 2023/12/02 v1.11 sin cos tan (DPC)
)
(/nix/store/vdfydf2g9pzrd0sx8595ab9qac3ybgml-texlive-combined-full-2024-final-t
exmfdist/tex/latex/graphics-cfg/graphics.cfg
File: graphics.cfg 2016/06/04 v1.11 sample graphics configuration
)
Package graphics Info: Driver file: pdftex.def on input line 106.

(/nix/store/vdfydf2g9pzrd0sx8595ab9qac3ybgml-texlive-combined-full-2024-final-t
exmfdist/tex/latex/graphics-def/pdftex.def
File: pdftex.def 2024/04/13 v1.2c Graphics/color driver for pdftex
))
\l__mhchem_ce_distanceFromLastComma_int=\count306
\__mhchem_arrow_extPgfLength_skip=\skip73
\mhchem@minispace@tmp=\skip74
\mhchem@minibackspace@tmp=\skip75
\mhchem@bondwidth=\skip76
\mhchem@bondheight=\skip77
\mhchem@smallbondwidth@tmpA=\skip78
\mhchem@smallbondwidth@tmpB=\skip79
\mhchem@smallbondwidth=\skip80
\mhchem@bondtmp@minussidebearingleft=\skip81
\mhchem@bondtmp@minussidebearingright=\skip82
\l__mhchem_option_version_int=\count307
\mhchem@option@minusmathsidebearingleft=\dimen161
\mhchem@option@minusmathsidebearingright=\dimen162
\mhchem@option@minustextsidebearingleft=\dimen163
\mhchem@option@minustextsidebearingright=\dimen164
)
(/nix/store/vdfydf2g9pzrd0sx8595ab9qac3ybgml-texlive-combined-full-2024-final-t
exmfdist/tex/latex/microtype/microtype.sty
Package: microtype 2025/02/11 v3.2a Micro-typographical refinements (RS)
\MT@toks=\toks26
\MT@tempbox=\box68
\MT@count=\count308
LaTeX Info: Redefining \noprotrusionifhmode on input line 1087.
LaTeX Info: Redefining \leftprotrusion on input line 1088.
\MT@prot@toks=\toks27
LaTeX Info: Redefining \rightprotrusion on input line 1107.
LaTeX Info: Redefining \textls on input line 1449.
\MT@outer@kern=\dimen165
LaTeX Info: Redefining \microtypecontext on input line 2053.
LaTeX Info: Redefining \textmicrotypecontext on input line 2070.
\MT@listname@count=\count309

(/nix/store/vdfydf2g9pzrd0sx8595ab9qac3ybgml-texlive-combined-full-2024-final-t
exmfdist/tex/latex/microtype/microtype-pdftex.def
File: microtype-pdftex.def 2025/02/11 v3.2a Definitions specific to pdftex (RS)

LaTeX Info: Redefining \lsstyle on input line 944.
LaTeX Info: Redefining \lslig on input line 944.
\MT@outer@space=\skip83
)
Package microtype Info: Loading configuration file microtype.cfg.

(/nix/store/vdfydf2g9pzrd0sx8595ab9qac3ybgml-texlive-combined-full-2024-final-t
exmfdist/tex/latex/microtype/microtype.cfg
File: microtype.cfg 2025/02/11 v3.2a microtype main configuration file (RS)
)
LaTeX Info: Redefining \microtypesetup on input line 3065.
)
(/nix/store/vdfydf2g9pzrd0sx8595ab9qac3ybgml-texlive-combined-full-2024-final-t
exmfdist/tex/latex/graphics/graphicx.sty
Package: graphicx 2021/09/16 v1.2d Enhanced LaTeX Graphics (DPC,SPQR)
\Gin@req@height=\dimen166
\Gin@req@width=\dimen167
)
(/nix/store/vdfydf2g9pzrd0sx8595ab9qac3ybgml-texlive-combined-full-2024-final-t
exmfdist/tex/latex/multirow/multirow.sty
Package: multirow 2024/11/12 v2.9 Span multiple rows of a table
\multirow@colwidth=\skip84
\multirow@cntb=\count310
\multirow@dima=\skip85
\bigstrutjot=\dimen168
)
(/nix/store/vdfydf2g9pzrd0sx8595ab9qac3ybgml-texlive-combined-full-2024-final-t
exmfdist/tex/latex/tools/multicol.sty
Package: multicol 2024/09/14 v1.9i multicolumn formatting (FMi)
\c@tracingmulticols=\count311
\mult@box=\box69
\multicol@leftmargin=\dimen169
\c@unbalance=\count312
\c@collectmore=\count313
\doublecol@number=\count314
\multicoltolerance=\count315
\multicolpretolerance=\count316
\full@width=\dimen170
\page@free=\dimen171
\premulticols=\dimen172
\postmulticols=\dimen173
\multicolsep=\skip86
\multicolbaselineskip=\skip87
\partial@page=\box70
\last@line=\box71
\mc@boxedresult=\box72
\maxbalancingoverflow=\dimen174
\mult@rightbox=\box73
\mult@grightbox=\box74
\mult@firstbox=\box75
\mult@gfirstbox=\box76
\@tempa=\box77
\@tempa=\box78
\@tempa=\box79
\@tempa=\box80
\@tempa=\box81
\@tempa=\box82
\@tempa=\box83
\@tempa=\box84
\@tempa=\box85
\@tempa=\box86
\@tempa=\box87
\@tempa=\box88
\@tempa=\box89
\@tempa=\box90
\@tempa=\box91
\@tempa=\box92
\@tempa=\box93
\@tempa=\box94
\@tempa=\box95
\@tempa=\box96
\@tempa=\box97
\@tempa=\box98
\@tempa=\box99
\@tempa=\box100
\@tempa=\box101
\@tempa=\box102
\@tempa=\box103
\@tempa=\box104
\@tempa=\box105
\@tempa=\box106
\@tempa=\box107
\@tempa=\box108
\@tempa=\box109
\@tempa=\box110
\@tempa=\box111
\@tempa=\box112
\c@minrows=\count317
\c@columnbadness=\count318
\c@finalcolumnbadness=\count319
\last@try=\dimen175
\multicolovershoot=\dimen176
\multicolundershoot=\dimen177
\mult@nat@firstbox=\box113
\colbreak@box=\box114
\mc@col@check@num=\count320
)
(/nix/store/vdfydf2g9pzrd0sx8595ab9qac3ybgml-texlive-combined-full-2024-final-t
exmfdist/tex/latex/booktabs/booktabs.sty
Package: booktabs 2020/01/12 v1.61803398 Publication quality tables
\heavyrulewidth=\dimen178
\lightrulewidth=\dimen179
\cmidrulewidth=\dimen180
\belowrulesep=\dimen181
\belowbottomsep=\dimen182
\aboverulesep=\dimen183
\abovetopsep=\dimen184
\cmidrulesep=\dimen185
\cmidrulekern=\dimen186
\defaultaddspace=\dimen187
\@cmidla=\count321
\@cmidlb=\count322
\@aboverulesep=\dimen188
\@belowrulesep=\dimen189
\@thisruleclass=\count323
\@lastruleclass=\count324
\@thisrulewidth=\dimen190
)
(/nix/store/vdfydf2g9pzrd0sx8595ab9qac3ybgml-texlive-combined-full-2024-final-t
exmfdist/tex/latex/threeparttable/threeparttable.sty
Package: threeparttable 2003/06/13  v 3.0
\@tempboxb=\box115
)
(/nix/store/vdfydf2g9pzrd0sx8595ab9qac3ybgml-texlive-combined-full-2024-final-t
exmfdist/tex/latex/tools/longtable.sty
Package: longtable 2024-10-27 v4.22 Multi-page Table package (DPC)
\LTleft=\skip88
\LTright=\skip89
\LTpre=\skip90
\LTpost=\skip91
\LTchunksize=\count325
\LTcapwidth=\dimen191
\LT@head=\box116
\LT@firsthead=\box117
\LT@foot=\box118
\LT@lastfoot=\box119
\LT@gbox=\box120
\LT@cols=\count326
\LT@rows=\count327
\c@LT@tables=\count328
\c@LT@chunks=\count329
\LT@p@ftn=\toks28
)
Class scrartcl Info: longtable captions redefined on input line 38.

(/nix/store/vdfydf2g9pzrd0sx8595ab9qac3ybgml-texlive-combined-full-2024-final-t
exmfdist/tex/latex/graphics/rotating.sty
Package: rotating 2016/08/11 v2.16d rotated objects in LaTeX

(/nix/store/vdfydf2g9pzrd0sx8595ab9qac3ybgml-texlive-combined-full-2024-final-t
exmfdist/tex/latex/base/ifthen.sty
Package: ifthen 2024/03/16 v1.1e Standard LaTeX ifthen package (DPC)
)
\c@r@tfl@t=\count330
\rotFPtop=\skip92
\rotFPbot=\skip93
\rot@float@box=\box121
\rot@mess@toks=\toks29
)
(/nix/store/vdfydf2g9pzrd0sx8595ab9qac3ybgml-texlive-combined-full-2024-final-t
exmfdist/tex/latex/ltablex/ltablex.sty
Package: ltablex 2014/08/13 v1.1 Modified tabularx

(/nix/store/vdfydf2g9pzrd0sx8595ab9qac3ybgml-texlive-combined-full-2024-final-t
exmfdist/tex/latex/tools/tabularx.sty
Package: tabularx 2023/12/11 v2.12a `tabularx' package (DPC)
\TX@col@width=\dimen192
\TX@old@table=\dimen193
\TX@old@col=\dimen194
\TX@target=\dimen195
\TX@delta=\dimen196
\TX@cols=\count331
\TX@ftn=\toks30
))
(/nix/store/vdfydf2g9pzrd0sx8595ab9qac3ybgml-texlive-combined-full-2024-final-t
exmfdist/tex/latex/subfig/subfig.sty
Package: subfig 2005/06/28 ver: 1.3 subfig package

(/nix/store/vdfydf2g9pzrd0sx8595ab9qac3ybgml-texlive-combined-full-2024-final-t
exmfdist/tex/latex/caption/caption.sty
Package: caption 2023/08/05 v3.6o Customizing captions (AR)

(/nix/store/vdfydf2g9pzrd0sx8595ab9qac3ybgml-texlive-combined-full-2024-final-t
exmfdist/tex/latex/caption/caption3.sty
Package: caption3 2023/07/31 v2.4d caption3 kernel (AR)
\caption@tempdima=\dimen197
\captionmargin=\dimen198
\caption@leftmargin=\dimen199
\caption@rightmargin=\dimen256
\caption@width=\dimen257
\caption@indent=\dimen258
\caption@parindent=\dimen259
\caption@hangindent=\dimen260
Package caption Info: KOMA-Script document class detected.

(/nix/store/vdfydf2g9pzrd0sx8595ab9qac3ybgml-texlive-combined-full-2024-final-t
exmfdist/tex/latex/caption/caption-koma.sto
File: caption-koma.sto 2023/09/08 v2.0e Adaption of the caption package to the 
KOMA-Script document classes (AR)
))
\c@caption@flags=\count332
\c@continuedfloat=\count333
Package caption Info: longtable package is loaded.

(/nix/store/vdfydf2g9pzrd0sx8595ab9qac3ybgml-texlive-combined-full-2024-final-t
exmfdist/tex/latex/caption/ltcaption.sty
Package: ltcaption 2021/01/08 v1.4c longtable captions (AR)
)
Package caption Info: rotating package is loaded.
Package caption Info: KOMA-Script scrextend package detected.
\caption@addmargin@hsize=\dimen261
\caption@addmargin@linewidth=\dimen262
Package caption Info: threeparttable package is loaded.
)
\c@KVtest=\count334
\sf@farskip=\skip94
\sf@captopadj=\dimen263
\sf@capskip=\skip95
\sf@nearskip=\skip96
\c@subfigure=\count335
\c@subfigure@save=\count336
\c@lofdepth=\count337
\c@subtable=\count338
\c@subtable@save=\count339
\c@lotdepth=\count340
\sf@top=\skip97
\sf@bottom=\skip98
)
(/nix/store/vdfydf2g9pzrd0sx8595ab9qac3ybgml-texlive-combined-full-2024-final-t
exmfdist/tex/latex/pdfpages/pdfpages.sty
Package: pdfpages 2025/01/30 v0.6e Insert pages of external PDF documents (AM)

(/nix/store/vdfydf2g9pzrd0sx8595ab9qac3ybgml-texlive-combined-full-2024-final-t
exmfdist/tex/latex/eso-pic/eso-pic.sty
Package: eso-pic 2023/05/03 v3.0c eso-pic (RN)
\ESO@tempdima=\dimen264
\ESO@tempdimb=\dimen265

(/nix/store/vdfydf2g9pzrd0sx8595ab9qac3ybgml-texlive-combined-full-2024-final-t
exmfdist/tex/latex/xcolor/xcolor.sty
Package: xcolor 2024/09/29 v3.02 LaTeX color extensions (UK)

(/nix/store/vdfydf2g9pzrd0sx8595ab9qac3ybgml-texlive-combined-full-2024-final-t
exmfdist/tex/latex/graphics-cfg/color.cfg
File: color.cfg 2016/01/02 v1.6 sample color configuration
)
Package xcolor Info: Driver file: pdftex.def on input line 274.

(/nix/store/vdfydf2g9pzrd0sx8595ab9qac3ybgml-texlive-combined-full-2024-final-t
exmfdist/tex/latex/graphics/mathcolor.ltx)
Package xcolor Info: Model `cmy' substituted by `cmy0' on input line 1349.
Package xcolor Info: Model `hsb' substituted by `rgb' on input line 1353.
Package xcolor Info: Model `RGB' extended on input line 1365.
Package xcolor Info: Model `HTML' substituted by `rgb' on input line 1367.
Package xcolor Info: Model `Hsb' substituted by `hsb' on input line 1368.
Package xcolor Info: Model `tHsb' substituted by `hsb' on input line 1369.
Package xcolor Info: Model `HSB' substituted by `hsb' on input line 1370.
Package xcolor Info: Model `Gray' substituted by `gray' on input line 1371.
Package xcolor Info: Model `wave' substituted by `hsb' on input line 1372.
))
\AM@pagewidth=\dimen266
\AM@pageheight=\dimen267
\AM@fboxrule=\dimen268

(/nix/store/vdfydf2g9pzrd0sx8595ab9qac3ybgml-texlive-combined-full-2024-final-t
exmfdist/tex/latex/pdfpages/pppdftex.def
File: pppdftex.def 2025/01/30 v0.6e Pdfpages driver for pdfTeX (AM)
)
\pdfpages@includegraphics@status=\count341
\AM@pagebox=\box122
\AM@global@opts=\toks31
\AM@pagecnt=\count342
\AM@toc@title=\toks32
\AM@lof@heading=\toks33
\c@AM@survey=\count343
\AM@templatesizebox=\box123
)
(/nix/store/vdfydf2g9pzrd0sx8595ab9qac3ybgml-texlive-combined-full-2024-final-t
exmfdist/tex/latex/listings/listings.sty
\lst@mode=\count344
\lst@gtempboxa=\box124
\lst@token=\toks34
\lst@length=\count345
\lst@currlwidth=\dimen269
\lst@column=\count346
\lst@pos=\count347
\lst@lostspace=\dimen270
\lst@width=\dimen271
\lst@newlines=\count348
\lst@lineno=\count349
\lst@maxwidth=\dimen272

(/nix/store/vdfydf2g9pzrd0sx8595ab9qac3ybgml-texlive-combined-full-2024-final-t
exmfdist/tex/latex/listings/lstpatch.sty
File: lstpatch.sty 2024/09/23 1.10c (Carsten Heinz)
)
(/nix/store/vdfydf2g9pzrd0sx8595ab9qac3ybgml-texlive-combined-full-2024-final-t
exmfdist/tex/latex/listings/lstmisc.sty
File: lstmisc.sty 2024/09/23 1.10c (Carsten Heinz)
\c@lstnumber=\count350
\lst@skipnumbers=\count351
\lst@framebox=\box125
)
(/nix/store/vdfydf2g9pzrd0sx8595ab9qac3ybgml-texlive-combined-full-2024-final-t
exmfdist/tex/latex/listings/listings.cfg
File: listings.cfg 2024/09/23 1.10c listings configuration
))
Package: listings 2024/09/23 1.10c (Carsten Heinz)

(/nix/store/vdfydf2g9pzrd0sx8595ab9qac3ybgml-texlive-combined-full-2024-final-t
exmfdist/tex/latex/placeins/placeins.sty
Package: placeins 2005/04/18  v 2.2
)
(/nix/store/vdfydf2g9pzrd0sx8595ab9qac3ybgml-texlive-combined-full-2024-final-t
exmfdist/tex/latex/url/url.sty
\Urlmuskip=\muskip18
Package: url 2013/09/16  ver 3.4  Verb mode for urls, etc.
)
(/nix/store/vdfydf2g9pzrd0sx8595ab9qac3ybgml-texlive-combined-full-2024-final-t
exmfdist/tex/latex/mdwtools/footnote.sty
Package: footnote 1997/01/28 1.13 Save footnotes around boxes
\fn@notes=\box126
\fn@width=\dimen273
)
(/nix/store/vdfydf2g9pzrd0sx8595ab9qac3ybgml-texlive-combined-full-2024-final-t
exmfdist/tex/latex/todonotes/todonotes.sty
Package: todonotes 2024/01/05 v1.1.7 Todonotes source and documentation.
Package: todonotes 2024/01/05

(/nix/store/vdfydf2g9pzrd0sx8595ab9qac3ybgml-texlive-combined-full-2024-final-t
exmfdist/tex/latex/xkeyval/xkeyval.sty
Package: xkeyval 2022/06/16 v2.9 package option processing (HA)

(/nix/store/vdfydf2g9pzrd0sx8595ab9qac3ybgml-texlive-combined-full-2024-final-t
exmfdist/tex/generic/xkeyval/xkeyval.tex
(/nix/store/vdfydf2g9pzrd0sx8595ab9qac3ybgml-texlive-combined-full-2024-final-t
exmfdist/tex/generic/xkeyval/xkvutils.tex
\XKV@toks=\toks35
\XKV@tempa@toks=\toks36
)
\XKV@depth=\count352
File: xkeyval.tex 2014/12/03 v2.7a key=value parser (HA)
))
(/nix/store/vdfydf2g9pzrd0sx8595ab9qac3ybgml-texlive-combined-full-2024-final-t
exmfdist/tex/latex/pgf/frontendlayer/tikz.sty
(/nix/store/vdfydf2g9pzrd0sx8595ab9qac3ybgml-texlive-combined-full-2024-final-t
exmfdist/tex/latex/pgf/basiclayer/pgf.sty
(/nix/store/vdfydf2g9pzrd0sx8595ab9qac3ybgml-texlive-combined-full-2024-final-t
exmfdist/tex/latex/pgf/utilities/pgfrcs.sty
(/nix/store/vdfydf2g9pzrd0sx8595ab9qac3ybgml-texlive-combined-full-2024-final-t
exmfdist/tex/generic/pgf/utilities/pgfutil-common.tex
\pgfutil@everybye=\toks37
\pgfutil@tempdima=\dimen274
\pgfutil@tempdimb=\dimen275
)
(/nix/store/vdfydf2g9pzrd0sx8595ab9qac3ybgml-texlive-combined-full-2024-final-t
exmfdist/tex/generic/pgf/utilities/pgfutil-latex.def
\pgfutil@abb=\box127
)
(/nix/store/vdfydf2g9pzrd0sx8595ab9qac3ybgml-texlive-combined-full-2024-final-t
exmfdist/tex/generic/pgf/utilities/pgfrcs.code.tex
(/nix/store/vdfydf2g9pzrd0sx8595ab9qac3ybgml-texlive-combined-full-2024-final-t
exmfdist/tex/generic/pgf/pgf.revision.tex)
Package: pgfrcs 2023-01-15 v3.1.10 (3.1.10)
))
Package: pgf 2023-01-15 v3.1.10 (3.1.10)

(/nix/store/vdfydf2g9pzrd0sx8595ab9qac3ybgml-texlive-combined-full-2024-final-t
exmfdist/tex/latex/pgf/basiclayer/pgfcore.sty
(/nix/store/vdfydf2g9pzrd0sx8595ab9qac3ybgml-texlive-combined-full-2024-final-t
exmfdist/tex/latex/pgf/systemlayer/pgfsys.sty
(/nix/store/vdfydf2g9pzrd0sx8595ab9qac3ybgml-texlive-combined-full-2024-final-t
exmfdist/tex/generic/pgf/systemlayer/pgfsys.code.tex
Package: pgfsys 2023-01-15 v3.1.10 (3.1.10)

(/nix/store/vdfydf2g9pzrd0sx8595ab9qac3ybgml-texlive-combined-full-2024-final-t
exmfdist/tex/generic/pgf/utilities/pgfkeys.code.tex
\pgfkeys@pathtoks=\toks38
\pgfkeys@temptoks=\toks39

(/nix/store/vdfydf2g9pzrd0sx8595ab9qac3ybgml-texlive-combined-full-2024-final-t
exmfdist/tex/generic/pgf/utilities/pgfkeyslibraryfiltered.code.tex
\pgfkeys@tmptoks=\toks40
))
\pgf@x=\dimen276
\pgf@y=\dimen277
\pgf@xa=\dimen278
\pgf@ya=\dimen279
\pgf@xb=\dimen280
\pgf@yb=\dimen281
\pgf@xc=\dimen282
\pgf@yc=\dimen283
\pgf@xd=\dimen284
\pgf@yd=\dimen285
\w@pgf@writea=\write3
\r@pgf@reada=\read3
\c@pgf@counta=\count353
\c@pgf@countb=\count354
\c@pgf@countc=\count355
\c@pgf@countd=\count356
\t@pgf@toka=\toks41
\t@pgf@tokb=\toks42
\t@pgf@tokc=\toks43
\pgf@sys@id@count=\count357

(/nix/store/vdfydf2g9pzrd0sx8595ab9qac3ybgml-texlive-combined-full-2024-final-t
exmfdist/tex/generic/pgf/systemlayer/pgf.cfg
File: pgf.cfg 2023-01-15 v3.1.10 (3.1.10)
)
Driver file for pgf: pgfsys-pdftex.def

(/nix/store/vdfydf2g9pzrd0sx8595ab9qac3ybgml-texlive-combined-full-2024-final-t
exmfdist/tex/generic/pgf/systemlayer/pgfsys-pdftex.def
File: pgfsys-pdftex.def 2023-01-15 v3.1.10 (3.1.10)

(/nix/store/vdfydf2g9pzrd0sx8595ab9qac3ybgml-texlive-combined-full-2024-final-t
exmfdist/tex/generic/pgf/systemlayer/pgfsys-common-pdf.def
File: pgfsys-common-pdf.def 2023-01-15 v3.1.10 (3.1.10)
)))
(/nix/store/vdfydf2g9pzrd0sx8595ab9qac3ybgml-texlive-combined-full-2024-final-t
exmfdist/tex/generic/pgf/systemlayer/pgfsyssoftpath.code.tex
File: pgfsyssoftpath.code.tex 2023-01-15 v3.1.10 (3.1.10)
\pgfsyssoftpath@smallbuffer@items=\count358
\pgfsyssoftpath@bigbuffer@items=\count359
)
(/nix/store/vdfydf2g9pzrd0sx8595ab9qac3ybgml-texlive-combined-full-2024-final-t
exmfdist/tex/generic/pgf/systemlayer/pgfsysprotocol.code.tex
File: pgfsysprotocol.code.tex 2023-01-15 v3.1.10 (3.1.10)
))
(/nix/store/vdfydf2g9pzrd0sx8595ab9qac3ybgml-texlive-combined-full-2024-final-t
exmfdist/tex/generic/pgf/basiclayer/pgfcore.code.tex
Package: pgfcore 2023-01-15 v3.1.10 (3.1.10)

(/nix/store/vdfydf2g9pzrd0sx8595ab9qac3ybgml-texlive-combined-full-2024-final-t
exmfdist/tex/generic/pgf/math/pgfmath.code.tex
(/nix/store/vdfydf2g9pzrd0sx8595ab9qac3ybgml-texlive-combined-full-2024-final-t
exmfdist/tex/generic/pgf/math/pgfmathutil.code.tex)
(/nix/store/vdfydf2g9pzrd0sx8595ab9qac3ybgml-texlive-combined-full-2024-final-t
exmfdist/tex/generic/pgf/math/pgfmathparser.code.tex
\pgfmath@dimen=\dimen286
\pgfmath@count=\count360
\pgfmath@box=\box128
\pgfmath@toks=\toks44
\pgfmath@stack@operand=\toks45
\pgfmath@stack@operation=\toks46
)
(/nix/store/vdfydf2g9pzrd0sx8595ab9qac3ybgml-texlive-combined-full-2024-final-t
exmfdist/tex/generic/pgf/math/pgfmathfunctions.code.tex)
(/nix/store/vdfydf2g9pzrd0sx8595ab9qac3ybgml-texlive-combined-full-2024-final-t
exmfdist/tex/generic/pgf/math/pgfmathfunctions.basic.code.tex)
(/nix/store/vdfydf2g9pzrd0sx8595ab9qac3ybgml-texlive-combined-full-2024-final-t
exmfdist/tex/generic/pgf/math/pgfmathfunctions.trigonometric.code.tex)
(/nix/store/vdfydf2g9pzrd0sx8595ab9qac3ybgml-texlive-combined-full-2024-final-t
exmfdist/tex/generic/pgf/math/pgfmathfunctions.random.code.tex)
(/nix/store/vdfydf2g9pzrd0sx8595ab9qac3ybgml-texlive-combined-full-2024-final-t
exmfdist/tex/generic/pgf/math/pgfmathfunctions.comparison.code.tex)
(/nix/store/vdfydf2g9pzrd0sx8595ab9qac3ybgml-texlive-combined-full-2024-final-t
exmfdist/tex/generic/pgf/math/pgfmathfunctions.base.code.tex)
(/nix/store/vdfydf2g9pzrd0sx8595ab9qac3ybgml-texlive-combined-full-2024-final-t
exmfdist/tex/generic/pgf/math/pgfmathfunctions.round.code.tex)
(/nix/store/vdfydf2g9pzrd0sx8595ab9qac3ybgml-texlive-combined-full-2024-final-t
exmfdist/tex/generic/pgf/math/pgfmathfunctions.misc.code.tex)
(/nix/store/vdfydf2g9pzrd0sx8595ab9qac3ybgml-texlive-combined-full-2024-final-t
exmfdist/tex/generic/pgf/math/pgfmathfunctions.integerarithmetics.code.tex)
(/nix/store/vdfydf2g9pzrd0sx8595ab9qac3ybgml-texlive-combined-full-2024-final-t
exmfdist/tex/generic/pgf/math/pgfmathcalc.code.tex)
(/nix/store/vdfydf2g9pzrd0sx8595ab9qac3ybgml-texlive-combined-full-2024-final-t
exmfdist/tex/generic/pgf/math/pgfmathfloat.code.tex
\c@pgfmathroundto@lastzeros=\count361
))
(/nix/store/vdfydf2g9pzrd0sx8595ab9qac3ybgml-texlive-combined-full-2024-final-t
exmfdist/tex/generic/pgf/math/pgfint.code.tex)
(/nix/store/vdfydf2g9pzrd0sx8595ab9qac3ybgml-texlive-combined-full-2024-final-t
exmfdist/tex/generic/pgf/basiclayer/pgfcorepoints.code.tex
File: pgfcorepoints.code.tex 2023-01-15 v3.1.10 (3.1.10)
\pgf@picminx=\dimen287
\pgf@picmaxx=\dimen288
\pgf@picminy=\dimen289
\pgf@picmaxy=\dimen290
\pgf@pathminx=\dimen291
\pgf@pathmaxx=\dimen292
\pgf@pathminy=\dimen293
\pgf@pathmaxy=\dimen294
\pgf@xx=\dimen295
\pgf@xy=\dimen296
\pgf@yx=\dimen297
\pgf@yy=\dimen298
\pgf@zx=\dimen299
\pgf@zy=\dimen300
)
(/nix/store/vdfydf2g9pzrd0sx8595ab9qac3ybgml-texlive-combined-full-2024-final-t
exmfdist/tex/generic/pgf/basiclayer/pgfcorepathconstruct.code.tex
File: pgfcorepathconstruct.code.tex 2023-01-15 v3.1.10 (3.1.10)
\pgf@path@lastx=\dimen301
\pgf@path@lasty=\dimen302
)
(/nix/store/vdfydf2g9pzrd0sx8595ab9qac3ybgml-texlive-combined-full-2024-final-t
exmfdist/tex/generic/pgf/basiclayer/pgfcorepathusage.code.tex
File: pgfcorepathusage.code.tex 2023-01-15 v3.1.10 (3.1.10)
\pgf@shorten@end@additional=\dimen303
\pgf@shorten@start@additional=\dimen304
)
(/nix/store/vdfydf2g9pzrd0sx8595ab9qac3ybgml-texlive-combined-full-2024-final-t
exmfdist/tex/generic/pgf/basiclayer/pgfcorescopes.code.tex
File: pgfcorescopes.code.tex 2023-01-15 v3.1.10 (3.1.10)
\pgfpic=\box129
\pgf@hbox=\box130
\pgf@layerbox@main=\box131
\pgf@picture@serial@count=\count362
)
(/nix/store/vdfydf2g9pzrd0sx8595ab9qac3ybgml-texlive-combined-full-2024-final-t
exmfdist/tex/generic/pgf/basiclayer/pgfcoregraphicstate.code.tex
File: pgfcoregraphicstate.code.tex 2023-01-15 v3.1.10 (3.1.10)
\pgflinewidth=\dimen305
)
(/nix/store/vdfydf2g9pzrd0sx8595ab9qac3ybgml-texlive-combined-full-2024-final-t
exmfdist/tex/generic/pgf/basiclayer/pgfcoretransformations.code.tex
File: pgfcoretransformations.code.tex 2023-01-15 v3.1.10 (3.1.10)
\pgf@pt@x=\dimen306
\pgf@pt@y=\dimen307
\pgf@pt@temp=\dimen308
)
(/nix/store/vdfydf2g9pzrd0sx8595ab9qac3ybgml-texlive-combined-full-2024-final-t
exmfdist/tex/generic/pgf/basiclayer/pgfcorequick.code.tex
File: pgfcorequick.code.tex 2023-01-15 v3.1.10 (3.1.10)
)
(/nix/store/vdfydf2g9pzrd0sx8595ab9qac3ybgml-texlive-combined-full-2024-final-t
exmfdist/tex/generic/pgf/basiclayer/pgfcoreobjects.code.tex
File: pgfcoreobjects.code.tex 2023-01-15 v3.1.10 (3.1.10)
)
(/nix/store/vdfydf2g9pzrd0sx8595ab9qac3ybgml-texlive-combined-full-2024-final-t
exmfdist/tex/generic/pgf/basiclayer/pgfcorepathprocessing.code.tex
File: pgfcorepathprocessing.code.tex 2023-01-15 v3.1.10 (3.1.10)
)
(/nix/store/vdfydf2g9pzrd0sx8595ab9qac3ybgml-texlive-combined-full-2024-final-t
exmfdist/tex/generic/pgf/basiclayer/pgfcorearrows.code.tex
File: pgfcorearrows.code.tex 2023-01-15 v3.1.10 (3.1.10)
\pgfarrowsep=\dimen309
)
(/nix/store/vdfydf2g9pzrd0sx8595ab9qac3ybgml-texlive-combined-full-2024-final-t
exmfdist/tex/generic/pgf/basiclayer/pgfcoreshade.code.tex
File: pgfcoreshade.code.tex 2023-01-15 v3.1.10 (3.1.10)
\pgf@max=\dimen310
\pgf@sys@shading@range@num=\count363
\pgf@shadingcount=\count364
)
(/nix/store/vdfydf2g9pzrd0sx8595ab9qac3ybgml-texlive-combined-full-2024-final-t
exmfdist/tex/generic/pgf/basiclayer/pgfcoreimage.code.tex
File: pgfcoreimage.code.tex 2023-01-15 v3.1.10 (3.1.10)
)
(/nix/store/vdfydf2g9pzrd0sx8595ab9qac3ybgml-texlive-combined-full-2024-final-t
exmfdist/tex/generic/pgf/basiclayer/pgfcoreexternal.code.tex
File: pgfcoreexternal.code.tex 2023-01-15 v3.1.10 (3.1.10)
\pgfexternal@startupbox=\box132
)
(/nix/store/vdfydf2g9pzrd0sx8595ab9qac3ybgml-texlive-combined-full-2024-final-t
exmfdist/tex/generic/pgf/basiclayer/pgfcorelayers.code.tex
File: pgfcorelayers.code.tex 2023-01-15 v3.1.10 (3.1.10)
)
(/nix/store/vdfydf2g9pzrd0sx8595ab9qac3ybgml-texlive-combined-full-2024-final-t
exmfdist/tex/generic/pgf/basiclayer/pgfcoretransparency.code.tex
File: pgfcoretransparency.code.tex 2023-01-15 v3.1.10 (3.1.10)
)
(/nix/store/vdfydf2g9pzrd0sx8595ab9qac3ybgml-texlive-combined-full-2024-final-t
exmfdist/tex/generic/pgf/basiclayer/pgfcorepatterns.code.tex
File: pgfcorepatterns.code.tex 2023-01-15 v3.1.10 (3.1.10)
)
(/nix/store/vdfydf2g9pzrd0sx8595ab9qac3ybgml-texlive-combined-full-2024-final-t
exmfdist/tex/generic/pgf/basiclayer/pgfcorerdf.code.tex
File: pgfcorerdf.code.tex 2023-01-15 v3.1.10 (3.1.10)
)))
(/nix/store/vdfydf2g9pzrd0sx8595ab9qac3ybgml-texlive-combined-full-2024-final-t
exmfdist/tex/generic/pgf/modules/pgfmoduleshapes.code.tex
File: pgfmoduleshapes.code.tex 2023-01-15 v3.1.10 (3.1.10)
\pgfnodeparttextbox=\box133
)
(/nix/store/vdfydf2g9pzrd0sx8595ab9qac3ybgml-texlive-combined-full-2024-final-t
exmfdist/tex/generic/pgf/modules/pgfmoduleplot.code.tex
File: pgfmoduleplot.code.tex 2023-01-15 v3.1.10 (3.1.10)
)
(/nix/store/vdfydf2g9pzrd0sx8595ab9qac3ybgml-texlive-combined-full-2024-final-t
exmfdist/tex/latex/pgf/compatibility/pgfcomp-version-0-65.sty
Package: pgfcomp-version-0-65 2023-01-15 v3.1.10 (3.1.10)
\pgf@nodesepstart=\dimen311
\pgf@nodesepend=\dimen312
)
(/nix/store/vdfydf2g9pzrd0sx8595ab9qac3ybgml-texlive-combined-full-2024-final-t
exmfdist/tex/latex/pgf/compatibility/pgfcomp-version-1-18.sty
Package: pgfcomp-version-1-18 2023-01-15 v3.1.10 (3.1.10)
))
(/nix/store/vdfydf2g9pzrd0sx8595ab9qac3ybgml-texlive-combined-full-2024-final-t
exmfdist/tex/latex/pgf/utilities/pgffor.sty
(/nix/store/vdfydf2g9pzrd0sx8595ab9qac3ybgml-texlive-combined-full-2024-final-t
exmfdist/tex/latex/pgf/utilities/pgfkeys.sty
(/nix/store/vdfydf2g9pzrd0sx8595ab9qac3ybgml-texlive-combined-full-2024-final-t
exmfdist/tex/generic/pgf/utilities/pgfkeys.code.tex))
(/nix/store/vdfydf2g9pzrd0sx8595ab9qac3ybgml-texlive-combined-full-2024-final-t
exmfdist/tex/latex/pgf/math/pgfmath.sty
(/nix/store/vdfydf2g9pzrd0sx8595ab9qac3ybgml-texlive-combined-full-2024-final-t
exmfdist/tex/generic/pgf/math/pgfmath.code.tex))
(/nix/store/vdfydf2g9pzrd0sx8595ab9qac3ybgml-texlive-combined-full-2024-final-t
exmfdist/tex/generic/pgf/utilities/pgffor.code.tex
Package: pgffor 2023-01-15 v3.1.10 (3.1.10)
\pgffor@iter=\dimen313
\pgffor@skip=\dimen314
\pgffor@stack=\toks47
\pgffor@toks=\toks48
))
(/nix/store/vdfydf2g9pzrd0sx8595ab9qac3ybgml-texlive-combined-full-2024-final-t
exmfdist/tex/generic/pgf/frontendlayer/tikz/tikz.code.tex
Package: tikz 2023-01-15 v3.1.10 (3.1.10)

(/nix/store/vdfydf2g9pzrd0sx8595ab9qac3ybgml-texlive-combined-full-2024-final-t
exmfdist/tex/generic/pgf/libraries/pgflibraryplothandlers.code.tex
File: pgflibraryplothandlers.code.tex 2023-01-15 v3.1.10 (3.1.10)
\pgf@plot@mark@count=\count365
\pgfplotmarksize=\dimen315
)
\tikz@lastx=\dimen316
\tikz@lasty=\dimen317
\tikz@lastxsaved=\dimen318
\tikz@lastysaved=\dimen319
\tikz@lastmovetox=\dimen320
\tikz@lastmovetoy=\dimen321
\tikzleveldistance=\dimen322
\tikzsiblingdistance=\dimen323
\tikz@figbox=\box134
\tikz@figbox@bg=\box135
\tikz@tempbox=\box136
\tikz@tempbox@bg=\box137
\tikztreelevel=\count366
\tikznumberofchildren=\count367
\tikznumberofcurrentchild=\count368
\tikz@fig@count=\count369

(/nix/store/vdfydf2g9pzrd0sx8595ab9qac3ybgml-texlive-combined-full-2024-final-t
exmfdist/tex/generic/pgf/modules/pgfmodulematrix.code.tex
File: pgfmodulematrix.code.tex 2023-01-15 v3.1.10 (3.1.10)
\pgfmatrixcurrentrow=\count370
\pgfmatrixcurrentcolumn=\count371
\pgf@matrix@numberofcolumns=\count372
)
\tikz@expandcount=\count373

(/nix/store/vdfydf2g9pzrd0sx8595ab9qac3ybgml-texlive-combined-full-2024-final-t
exmfdist/tex/generic/pgf/frontendlayer/tikz/libraries/tikzlibrarytopaths.code.t
ex
File: tikzlibrarytopaths.code.tex 2023-01-15 v3.1.10 (3.1.10)
)))
(/nix/store/vdfydf2g9pzrd0sx8595ab9qac3ybgml-texlive-combined-full-2024-final-t
exmfdist/tex/generic/pgf/frontendlayer/tikz/libraries/tikzlibrarypositioning.co
de.tex
File: tikzlibrarypositioning.code.tex 2023-01-15 v3.1.10 (3.1.10)
)
\c@@todonotes@numberoftodonotes=\count374
)
(/nix/store/vdfydf2g9pzrd0sx8595ab9qac3ybgml-texlive-combined-full-2024-final-t
exmfdist/tex/latex/blindtext/blindtext.sty
Package: blindtext 2012/01/06 V2.0 blindtext-Package

(/nix/store/vdfydf2g9pzrd0sx8595ab9qac3ybgml-texlive-combined-full-2024-final-t
exmfdist/tex/latex/tools/xspace.sty
Package: xspace 2014/10/28 v1.13 Space after command names (DPC,MH)
)
\c@blindtext=\count375
\c@Blindtext=\count376
\c@blind@countparstart=\count377
\blind@countxx=\count378
\blindtext@numBlindtext=\count379
\blind@countyy=\count380
\c@blindlist=\count381
\c@blindlistlevel=\count382
\c@blindlist@level=\count383
\blind@listitem=\count384
\c@blind@listcount=\count385
\c@blind@levelcount=\count386
\blind@mathformula=\count387
\blind@Mathformula=\count388
\c@blind@randomcount=\count389
\c@blind@randommax=\count390
\c@blind@pangramcount=\count391
\c@blind@pangrammax=\count392
)
(/nix/store/vdfydf2g9pzrd0sx8595ab9qac3ybgml-texlive-combined-full-2024-final-t
exmfdist/tex/latex/biblatex/biblatex.sty
Package: biblatex 2024/03/21 v3.20 programmable bibliographies (PK/MW)

(/nix/store/vdfydf2g9pzrd0sx8595ab9qac3ybgml-texlive-combined-full-2024-final-t
exmfdist/tex/latex/kvoptions/kvoptions.sty
Package: kvoptions 2022-06-15 v3.15 Key value format for package options (HO)

(/nix/store/vdfydf2g9pzrd0sx8595ab9qac3ybgml-texlive-combined-full-2024-final-t
exmfdist/tex/latex/kvsetkeys/kvsetkeys.sty
Package: kvsetkeys 2022-10-05 v1.19 Key value parser (HO)
))
(/nix/store/vdfydf2g9pzrd0sx8595ab9qac3ybgml-texlive-combined-full-2024-final-t
exmfdist/tex/latex/logreq/logreq.sty
Package: logreq 2010/08/04 v1.0 xml request logger
\lrq@indent=\count393

(/nix/store/vdfydf2g9pzrd0sx8595ab9qac3ybgml-texlive-combined-full-2024-final-t
exmfdist/tex/latex/logreq/logreq.def
File: logreq.def 2010/08/04 v1.0 logreq spec v1.0
))
\c@tabx@nest=\count394
\c@listtotal=\count395
\c@listcount=\count396
\c@liststart=\count397
\c@liststop=\count398
\c@citecount=\count399
\c@citetotal=\count400
\c@multicitecount=\count401
\c@multicitetotal=\count402
\c@instcount=\count403
\c@maxnames=\count404
\c@minnames=\count405
\c@maxitems=\count406
\c@minitems=\count407
\c@citecounter=\count408
\c@maxcitecounter=\count409
\c@savedcitecounter=\count410
\c@uniquelist=\count411
\c@uniquename=\count412
\c@refsection=\count413
\c@refsegment=\count414
\c@maxextratitle=\count415
\c@maxextratitleyear=\count416
\c@maxextraname=\count417
\c@maxextradate=\count418
\c@maxextraalpha=\count419
\c@abbrvpenalty=\count420
\c@highnamepenalty=\count421
\c@lownamepenalty=\count422
\c@maxparens=\count423
\c@parenlevel=\count424
\blx@tempcnta=\count425
\blx@tempcntb=\count426
\blx@tempcntc=\count427
\c@blx@maxsection=\count428
\blx@maxsegment@0=\count429
\blx@notetype=\count430
\blx@parenlevel@text=\count431
\blx@parenlevel@foot=\count432
\blx@sectionciteorder@0=\count433
\blx@sectionciteorderinternal@0=\count434
\blx@entrysetcounter=\count435
\blx@biblioinstance=\count436
\labelnumberwidth=\skip99
\labelalphawidth=\skip100
\biblabelsep=\skip101
\bibitemsep=\skip102
\bibnamesep=\skip103
\bibinitsep=\skip104
\bibparsep=\skip105
\bibhang=\skip106
\blx@bcfin=\read4
\blx@bcfout=\write4
\blx@langwohyphens=\language91
\c@mincomprange=\count437
\c@maxcomprange=\count438
\c@mincompwidth=\count439
Package biblatex Info: Trying to load biblatex default data model...
Package biblatex Info: ... file 'blx-dm.def' found.

(/nix/store/vdfydf2g9pzrd0sx8595ab9qac3ybgml-texlive-combined-full-2024-final-t
exmfdist/tex/latex/biblatex/blx-dm.def
File: blx-dm.def 2024/03/21 v3.20 biblatex datamodel (PK/MW)
)
Package biblatex Info: Trying to load biblatex style data model...
Package biblatex Info: ... file 'ieee.dbx' not found.
Package biblatex Info: Trying to load biblatex custom data model...
Package biblatex Info: ... file 'biblatex-dm.cfg' not found.
\c@afterword=\count440
\c@savedafterword=\count441
\c@annotator=\count442
\c@savedannotator=\count443
\c@author=\count444
\c@savedauthor=\count445
\c@bookauthor=\count446
\c@savedbookauthor=\count447
\c@commentator=\count448
\c@savedcommentator=\count449
\c@editor=\count450
\c@savededitor=\count451
\c@editora=\count452
\c@savededitora=\count453
\c@editorb=\count454
\c@savededitorb=\count455
\c@editorc=\count456
\c@savededitorc=\count457
\c@foreword=\count458
\c@savedforeword=\count459
\c@holder=\count460
\c@savedholder=\count461
\c@introduction=\count462
\c@savedintroduction=\count463
\c@namea=\count464
\c@savednamea=\count465
\c@nameb=\count466
\c@savednameb=\count467
\c@namec=\count468
\c@savednamec=\count469
\c@translator=\count470
\c@savedtranslator=\count471
\c@shortauthor=\count472
\c@savedshortauthor=\count473
\c@shorteditor=\count474
\c@savedshorteditor=\count475
\c@labelname=\count476
\c@savedlabelname=\count477
\c@institution=\count478
\c@savedinstitution=\count479
\c@lista=\count480
\c@savedlista=\count481
\c@listb=\count482
\c@savedlistb=\count483
\c@listc=\count484
\c@savedlistc=\count485
\c@listd=\count486
\c@savedlistd=\count487
\c@liste=\count488
\c@savedliste=\count489
\c@listf=\count490
\c@savedlistf=\count491
\c@location=\count492
\c@savedlocation=\count493
\c@organization=\count494
\c@savedorganization=\count495
\c@origlocation=\count496
\c@savedoriglocation=\count497
\c@origpublisher=\count498
\c@savedorigpublisher=\count499
\c@publisher=\count500
\c@savedpublisher=\count501
\c@language=\count502
\c@savedlanguage=\count503
\c@origlanguage=\count504
\c@savedoriglanguage=\count505
\c@pageref=\count506
\c@savedpageref=\count507
\shorthandwidth=\skip107
\shortjournalwidth=\skip108
\shortserieswidth=\skip109
\shorttitlewidth=\skip110
\shortauthorwidth=\skip111
\shorteditorwidth=\skip112
\locallabelnumberwidth=\skip113
\locallabelalphawidth=\skip114
\localshorthandwidth=\skip115
\localshortjournalwidth=\skip116
\localshortserieswidth=\skip117
\localshorttitlewidth=\skip118
\localshortauthorwidth=\skip119
\localshorteditorwidth=\skip120
Package biblatex Info: Trying to load compatibility code...
Package biblatex Info: ... file 'blx-compat.def' found.

(/nix/store/vdfydf2g9pzrd0sx8595ab9qac3ybgml-texlive-combined-full-2024-final-t
exmfdist/tex/latex/biblatex/blx-compat.def
File: blx-compat.def 2024/03/21 v3.20 biblatex compatibility (PK/MW)
)
Package biblatex Info: Trying to load generic definitions...
Package biblatex Info: ... file 'biblatex.def' found.

(/nix/store/vdfydf2g9pzrd0sx8595ab9qac3ybgml-texlive-combined-full-2024-final-t
exmfdist/tex/latex/biblatex/biblatex.def
File: biblatex.def 2024/03/21 v3.20 biblatex compatibility (PK/MW)
\c@textcitecount=\count508
\c@textcitetotal=\count509
\c@textcitemaxnames=\count510
\c@biburlbigbreakpenalty=\count511
\c@biburlbreakpenalty=\count512
\c@biburlnumpenalty=\count513
\c@biburlucpenalty=\count514
\c@biburllcpenalty=\count515
\biburlbigskip=\muskip19
\biburlnumskip=\muskip20
\biburlucskip=\muskip21
\biburllcskip=\muskip22
\c@smartand=\count516
)
Package biblatex Info: Trying to load bibliography style 'ieee'...
Package biblatex Info: ... file 'ieee.bbx' found.

(/nix/store/vdfydf2g9pzrd0sx8595ab9qac3ybgml-texlive-combined-full-2024-final-t
exmfdist/tex/latex/biblatex-ieee/ieee.bbx
File: ieee.bbx 2025-01-15 v1.4c biblatex bibliography style
Package biblatex Info: Trying to load bibliography style 'numeric-comp'...
Package biblatex Info: ... file 'numeric-comp.bbx' found.

(/nix/store/vdfydf2g9pzrd0sx8595ab9qac3ybgml-texlive-combined-full-2024-final-t
exmfdist/tex/latex/biblatex/bbx/numeric-comp.bbx
File: numeric-comp.bbx 2024/03/21 v3.20 biblatex bibliography style (PK/MW)
Package biblatex Info: Trying to load bibliography style 'numeric'...
Package biblatex Info: ... file 'numeric.bbx' found.

(/nix/store/vdfydf2g9pzrd0sx8595ab9qac3ybgml-texlive-combined-full-2024-final-t
exmfdist/tex/latex/biblatex/bbx/numeric.bbx
File: numeric.bbx 2024/03/21 v3.20 biblatex bibliography style (PK/MW)
Package biblatex Info: Trying to load bibliography style 'standard'...
Package biblatex Info: ... file 'standard.bbx' found.

(/nix/store/vdfydf2g9pzrd0sx8595ab9qac3ybgml-texlive-combined-full-2024-final-t
exmfdist/tex/latex/biblatex/bbx/standard.bbx
File: standard.bbx 2024/03/21 v3.20 biblatex bibliography style (PK/MW)
\c@bbx:relatedcount=\count517
\c@bbx:relatedtotal=\count518
))))
Package biblatex Info: Trying to load citation style 'numeric-comp'...
Package biblatex Info: ... file 'numeric-comp.cbx' found.

(/nix/store/vdfydf2g9pzrd0sx8595ab9qac3ybgml-texlive-combined-full-2024-final-t
exmfdist/tex/latex/biblatex/cbx/numeric-comp.cbx
File: numeric-comp.cbx 2024/03/21 v3.20 biblatex citation style (PK/MW)
\c@cbx@tempcnta=\count519
\c@cbx@tempcntb=\count520
\c@cbx@tempcntc=\count521
\c@cbx@tempcntd=\count522
Package biblatex Info: Redefining '\cite'.
Package biblatex Info: Redefining '\parencite'.
Package biblatex Info: Redefining '\footcite'.
Package biblatex Info: Redefining '\footcitetext'.
Package biblatex Info: Redefining '\smartcite'.
Package biblatex Info: Redefining '\supercite'.
Package biblatex Info: Redefining '\textcite'.
Package biblatex Info: Redefining '\textcites'.
Package biblatex Info: Redefining '\cites'.
Package biblatex Info: Redefining '\parencites'.
Package biblatex Info: Redefining '\smartcites'.
)
Package biblatex Info: Trying to load configuration file...
Package biblatex Info: ... file 'biblatex.cfg' found.

(/nix/store/vdfydf2g9pzrd0sx8595ab9qac3ybgml-texlive-combined-full-2024-final-t
exmfdist/tex/latex/biblatex/biblatex.cfg
File: biblatex.cfg 
)

Package biblatex Warning: 'firstinits' option is deprecated.
(biblatex)                Please use 'giveninits' instead.

Package biblatex Info: Input encoding 'utf8' detected.
Package biblatex Info: Document encoding is UTF8 ....
Package biblatex Info: ... and expl3
(biblatex)             2025-01-18 L3 programming layer (loader) 
(biblatex)             is new enough (at least 2020/04/06),
(biblatex)             setting 'casechanger=expl3'.

(/nix/store/vdfydf2g9pzrd0sx8595ab9qac3ybgml-texlive-combined-full-2024-final-t
exmfdist/tex/latex/biblatex/blx-case-expl3.sty
Package: blx-case-expl3 2024/03/21 v3.20 expl3 case changing code for biblatex
))
(/nix/store/vdfydf2g9pzrd0sx8595ab9qac3ybgml-texlive-combined-full-2024-final-t
exmfdist/tex/latex/hyperref/hyperref.sty
Package: hyperref 2024-11-05 v7.01l Hypertext links for LaTeX

(/nix/store/vdfydf2g9pzrd0sx8595ab9qac3ybgml-texlive-combined-full-2024-final-t
exmfdist/tex/generic/kvdefinekeys/kvdefinekeys.sty
Package: kvdefinekeys 2019-12-19 v1.6 Define keys (HO)
)
(/nix/store/vdfydf2g9pzrd0sx8595ab9qac3ybgml-texlive-combined-full-2024-final-t
exmfdist/tex/generic/pdfescape/pdfescape.sty
Package: pdfescape 2019/12/09 v1.15 Implements pdfTeX's escape features (HO)
)
(/nix/store/vdfydf2g9pzrd0sx8595ab9qac3ybgml-texlive-combined-full-2024-final-t
exmfdist/tex/latex/hycolor/hycolor.sty
Package: hycolor 2020-01-27 v1.10 Color options for hyperref/bookmark (HO)
)
(/nix/store/vdfydf2g9pzrd0sx8595ab9qac3ybgml-texlive-combined-full-2024-final-t
exmfdist/tex/latex/hyperref/nameref.sty
Package: nameref 2023-11-26 v2.56 Cross-referencing by name of section

(/nix/store/vdfydf2g9pzrd0sx8595ab9qac3ybgml-texlive-combined-full-2024-final-t
exmfdist/tex/latex/refcount/refcount.sty
Package: refcount 2019/12/15 v3.6 Data extraction from label references (HO)
)
(/nix/store/vdfydf2g9pzrd0sx8595ab9qac3ybgml-texlive-combined-full-2024-final-t
exmfdist/tex/generic/gettitlestring/gettitlestring.sty
Package: gettitlestring 2019/12/15 v1.6 Cleanup title references (HO)
)
\c@section@level=\count523
)
(/nix/store/vdfydf2g9pzrd0sx8595ab9qac3ybgml-texlive-combined-full-2024-final-t
exmfdist/tex/generic/stringenc/stringenc.sty
Package: stringenc 2019/11/29 v1.12 Convert strings between diff. encodings (HO
)
)
\@linkdim=\dimen324
\Hy@linkcounter=\count524
\Hy@pagecounter=\count525

(/nix/store/vdfydf2g9pzrd0sx8595ab9qac3ybgml-texlive-combined-full-2024-final-t
exmfdist/tex/latex/hyperref/pd1enc.def
File: pd1enc.def 2024-11-05 v7.01l Hyperref: PDFDocEncoding definition (HO)
Now handling font encoding PD1 ...
... no UTF-8 mapping file for font encoding PD1
)
(/nix/store/vdfydf2g9pzrd0sx8595ab9qac3ybgml-texlive-combined-full-2024-final-t
exmfdist/tex/generic/intcalc/intcalc.sty
Package: intcalc 2019/12/15 v1.3 Expandable calculations with integers (HO)
)
\Hy@SavedSpaceFactor=\count526

(/nix/store/vdfydf2g9pzrd0sx8595ab9qac3ybgml-texlive-combined-full-2024-final-t
exmfdist/tex/latex/hyperref/puenc.def
File: puenc.def 2024-11-05 v7.01l Hyperref: PDF Unicode definition (HO)
Now handling font encoding PU ...
... no UTF-8 mapping file for font encoding PU
)
Package hyperref Info: Hyper figures OFF on input line 4157.
Package hyperref Info: Link nesting OFF on input line 4162.
Package hyperref Info: Hyper index ON on input line 4165.
Package hyperref Info: Plain pages OFF on input line 4172.
Package hyperref Info: Backreferencing OFF on input line 4177.
Package hyperref Info: Implicit mode ON; LaTeX internals redefined.
Package hyperref Info: Bookmarks ON on input line 4424.
\c@Hy@tempcnt=\count527
LaTeX Info: Redefining \url on input line 4763.
\XeTeXLinkMargin=\dimen325

(/nix/store/vdfydf2g9pzrd0sx8595ab9qac3ybgml-texlive-combined-full-2024-final-t
exmfdist/tex/generic/bitset/bitset.sty
Package: bitset 2019/12/09 v1.3 Handle bit-vector datatype (HO)

(/nix/store/vdfydf2g9pzrd0sx8595ab9qac3ybgml-texlive-combined-full-2024-final-t
exmfdist/tex/generic/bigintcalc/bigintcalc.sty
Package: bigintcalc 2019/12/15 v1.5 Expandable calculations on big integers (HO
)
))
\Fld@menulength=\count528
\Field@Width=\dimen326
\Fld@charsize=\dimen327
Package hyperref Info: Hyper figures OFF on input line 6042.
Package hyperref Info: Link nesting OFF on input line 6047.
Package hyperref Info: Hyper index ON on input line 6050.
Package hyperref Info: backreferencing OFF on input line 6057.
Package hyperref Info: Link coloring OFF on input line 6062.
Package hyperref Info: Link coloring with OCG OFF on input line 6067.
Package hyperref Info: PDF/A mode OFF on input line 6072.

(/nix/store/vdfydf2g9pzrd0sx8595ab9qac3ybgml-texlive-combined-full-2024-final-t
exmfdist/tex/latex/base/atbegshi-ltx.sty
Package: atbegshi-ltx 2021/01/10 v1.0c Emulation of the original atbegshi
package with kernel methods
)
\Hy@abspage=\count529
\c@Item=\count530
\c@Hfootnote=\count531
)
Package hyperref Info: Driver (autodetected): hpdftex.

(/nix/store/vdfydf2g9pzrd0sx8595ab9qac3ybgml-texlive-combined-full-2024-final-t
exmfdist/tex/latex/hyperref/hpdftex.def
File: hpdftex.def 2024-11-05 v7.01l Hyperref driver for pdfTeX

(/nix/store/vdfydf2g9pzrd0sx8595ab9qac3ybgml-texlive-combined-full-2024-final-t
exmfdist/tex/latex/base/atveryend-ltx.sty
Package: atveryend-ltx 2020/08/19 v1.0a Emulation of the original atveryend pac
kage
with kernel methods
)
\Fld@listcount=\count532
\c@bookmark@seq@number=\count533

(/nix/store/vdfydf2g9pzrd0sx8595ab9qac3ybgml-texlive-combined-full-2024-final-t
exmfdist/tex/latex/rerunfilecheck/rerunfilecheck.sty
Package: rerunfilecheck 2022-07-10 v1.10 Rerun checks for auxiliary files (HO)

(/nix/store/vdfydf2g9pzrd0sx8595ab9qac3ybgml-texlive-combined-full-2024-final-t
exmfdist/tex/generic/uniquecounter/uniquecounter.sty
Package: uniquecounter 2019/12/15 v1.4 Provide unlimited unique counter (HO)
)
Package uniquecounter Info: New unique counter `rerunfilecheck' on input line 2
85.
)
\Hy@SectionHShift=\skip121
)
(/nix/store/vdfydf2g9pzrd0sx8595ab9qac3ybgml-texlive-combined-full-2024-final-t
exmfdist/tex/latex/cleveref/cleveref.sty
Package: cleveref 2018/03/27 v0.21.4 Intelligent cross-referencing
Package cleveref Info: `hyperref' support loaded on input line 2370.
LaTeX Info: Redefining \cref on input line 2370.
LaTeX Info: Redefining \Cref on input line 2370.
LaTeX Info: Redefining \crefrange on input line 2370.
LaTeX Info: Redefining \Crefrange on input line 2370.
LaTeX Info: Redefining \cpageref on input line 2370.
LaTeX Info: Redefining \Cpageref on input line 2370.
LaTeX Info: Redefining \cpagerefrange on input line 2370.
LaTeX Info: Redefining \Cpagerefrange on input line 2370.
LaTeX Info: Redefining \labelcref on input line 2370.
LaTeX Info: Redefining \labelcpageref on input line 2370.
Package cleveref Info: `listings' support loaded on input line 3131.
Package cleveref Info: `subfig' support loaded on input line 3164.
)
(/nix/store/vdfydf2g9pzrd0sx8595ab9qac3ybgml-texlive-combined-full-2024-final-t
exmfdist/tex/latex/tcolorbox/tcolorbox.sty
Package: tcolorbox 2024/10/22 version 6.4.1 text color boxes

(/nix/store/vdfydf2g9pzrd0sx8595ab9qac3ybgml-texlive-combined-full-2024-final-t
exmfdist/tex/latex/tools/verbatim.sty
Package: verbatim 2024-01-22 v1.5x LaTeX2e package for verbatim enhancements
\every@verbatim=\toks49
\verbatim@line=\toks50
\verbatim@in@stream=\read5
)
(/nix/store/vdfydf2g9pzrd0sx8595ab9qac3ybgml-texlive-combined-full-2024-final-t
exmfdist/tex/latex/environ/environ.sty
Package: environ 2014/05/04 v0.3 A new way to define environments

(/nix/store/vdfydf2g9pzrd0sx8595ab9qac3ybgml-texlive-combined-full-2024-final-t
exmfdist/tex/latex/trimspaces/trimspaces.sty
Package: trimspaces 2009/09/17 v1.1 Trim spaces around a token list
))
\tcb@titlebox=\box138
\tcb@upperbox=\box139
\tcb@lowerbox=\box140
\tcb@phantombox=\box141
\c@tcbbreakpart=\count534
\c@tcblayer=\count535
\c@tcolorbox@number=\count536
\l__tcobox_tmpa_box=\box142
\l__tcobox_tmpa_dim=\dimen328
\tcb@temp=\box143
\tcb@temp=\box144
\tcb@temp=\box145
\tcb@temp=\box146

(/nix/store/vdfydf2g9pzrd0sx8595ab9qac3ybgml-texlive-combined-full-2024-final-t
exmfdist/tex/latex/tcolorbox/tcbraster.code.tex
Library (tcolorbox): 'tcbraster.code.tex' version '6.4.1'
\c@tcbrastercolumn=\count537
\c@tcbrasterrow=\count538
\c@tcbrasternum=\count539
\c@tcbraster=\count540
)
(/nix/store/vdfydf2g9pzrd0sx8595ab9qac3ybgml-texlive-combined-full-2024-final-t
exmfdist/tex/latex/tcolorbox/tcbskins.code.tex
Library (tcolorbox): 'tcbskins.code.tex' version '6.4.1'

(/nix/store/vdfydf2g9pzrd0sx8595ab9qac3ybgml-texlive-combined-full-2024-final-t
exmfdist/tex/latex/tikzfill/tikzfill.image.sty
Package: tikzfill.image 2023/08/08 v1.0.1 Image filling library for TikZ

(/nix/store/vdfydf2g9pzrd0sx8595ab9qac3ybgml-texlive-combined-full-2024-final-t
exmfdist/tex/latex/tikzfill/tikzfill-common.sty
Package: tikzfill-common 2023/08/08 v1.0.1 Auxiliary code for tikzfill
)
(/nix/store/vdfydf2g9pzrd0sx8595ab9qac3ybgml-texlive-combined-full-2024-final-t
exmfdist/tex/latex/tikzfill/tikzlibraryfill.image.code.tex
File: tikzlibraryfill.image.code.tex 2023/08/08 v1.0.1 Image filling library
\l__tikzfill_img_box=\box147
))
(/nix/store/vdfydf2g9pzrd0sx8595ab9qac3ybgml-texlive-combined-full-2024-final-t
exmfdist/tex/latex/tcolorbox/tcbskinsjigsaw.code.tex
Library (tcolorbox): 'tcbskinsjigsaw.code.tex' version '6.4.1'
))
(/nix/store/vdfydf2g9pzrd0sx8595ab9qac3ybgml-texlive-combined-full-2024-final-t
exmfdist/tex/latex/tcolorbox/tcbbreakable.code.tex
Library (tcolorbox): 'tcbbreakable.code.tex' version '6.4.1'

(/nix/store/vdfydf2g9pzrd0sx8595ab9qac3ybgml-texlive-combined-full-2024-final-t
exmfdist/tex/latex/pdfcol/pdfcol.sty
Package: pdfcol 2022-09-21 v1.7 Handle new color stacks for pdfTeX (HO)
)
Package pdfcol Info: New color stack `tcb@breakable' = 1 on input line 23.
\tcb@testbox=\box148
\tcb@totalupperbox=\box149
\tcb@totallowerbox=\box150
)
(/nix/store/vdfydf2g9pzrd0sx8595ab9qac3ybgml-texlive-combined-full-2024-final-t
exmfdist/tex/latex/tcolorbox/tcbhooks.code.tex
Library (tcolorbox): 'tcbhooks.code.tex' version '6.4.1'
)
(/nix/store/vdfydf2g9pzrd0sx8595ab9qac3ybgml-texlive-combined-full-2024-final-t
exmfdist/tex/latex/tcolorbox/tcbtheorems.code.tex
Library (tcolorbox): 'tcbtheorems.code.tex' version '6.4.1'
)
(/nix/store/vdfydf2g9pzrd0sx8595ab9qac3ybgml-texlive-combined-full-2024-final-t
exmfdist/tex/latex/tcolorbox/tcbfitting.code.tex
Library (tcolorbox): 'tcbfitting.code.tex' version '6.4.1'
\tcbfitdim=\dimen329
\tcb@lowerfitdim=\dimen330
\tcb@upperfitdim=\dimen331
\tcb@cur@hbadness=\count541
)
(/nix/store/vdfydf2g9pzrd0sx8595ab9qac3ybgml-texlive-combined-full-2024-final-t
exmfdist/tex/latex/tcolorbox/tcblistingsutf8.code.tex
Library (tcolorbox): 'tcblistingsutf8.code.tex' version '6.4.1'

(/nix/store/vdfydf2g9pzrd0sx8595ab9qac3ybgml-texlive-combined-full-2024-final-t
exmfdist/tex/latex/tcolorbox/tcblistings.code.tex
Library (tcolorbox): 'tcblistings.code.tex' version '6.4.1'

(/nix/store/vdfydf2g9pzrd0sx8595ab9qac3ybgml-texlive-combined-full-2024-final-t
exmfdist/tex/latex/tcolorbox/tcblistingscore.code.tex
Library (tcolorbox): 'tcblistingscore.code.tex' version '6.4.1'

(/nix/store/vdfydf2g9pzrd0sx8595ab9qac3ybgml-texlive-combined-full-2024-final-t
exmfdist/tex/latex/tcolorbox/tcbprocessing.code.tex
Library (tcolorbox): 'tcbprocessing.code.tex' version '6.4.1'
)
\c@tcblisting=\count542
))
(/nix/store/vdfydf2g9pzrd0sx8595ab9qac3ybgml-texlive-combined-full-2024-final-t
exmfdist/tex/latex/listingsutf8/listingsutf8.sty
Package: listingsutf8 2019-12-10 v1.5 Allow UTF-8 in listings input (HO)
))
(/nix/store/vdfydf2g9pzrd0sx8595ab9qac3ybgml-texlive-combined-full-2024-final-t
exmfdist/tex/latex/tcolorbox/tcbexternal.code.tex
Library (tcolorbox): 'tcbexternal.code.tex' version '6.4.1'
)
(/nix/store/vdfydf2g9pzrd0sx8595ab9qac3ybgml-texlive-combined-full-2024-final-t
exmfdist/tex/latex/tcolorbox/tcbmagazine.code.tex
Library (tcolorbox): 'tcbmagazine.code.tex' version '6.4.1'
)
(/nix/store/vdfydf2g9pzrd0sx8595ab9qac3ybgml-texlive-combined-full-2024-final-t
exmfdist/tex/latex/tcolorbox/tcbvignette.code.tex
Library (tcolorbox): 'tcbvignette.code.tex' version '6.4.1'

(/nix/store/vdfydf2g9pzrd0sx8595ab9qac3ybgml-texlive-combined-full-2024-final-t
exmfdist/tex/generic/pgf/frontendlayer/tikz/libraries/tikzlibraryfadings.code.t
ex
File: tikzlibraryfadings.code.tex 2023-01-15 v3.1.10 (3.1.10)

(/nix/store/vdfydf2g9pzrd0sx8595ab9qac3ybgml-texlive-combined-full-2024-final-t
exmfdist/tex/generic/pgf/libraries/pgflibraryfadings.code.tex
File: pgflibraryfadings.code.tex 2023-01-15 v3.1.10 (3.1.10)
)))
(/nix/store/vdfydf2g9pzrd0sx8595ab9qac3ybgml-texlive-combined-full-2024-final-t
exmfdist/tex/latex/tcolorbox/tcbposter.code.tex
Library (tcolorbox): 'tcbposter.code.tex' version '6.4.1'
)))

Package biblatex Warning: 'babel/polyglossia' detected but 'csquotes' missing.
(biblatex)                Loading 'csquotes' recommended.

\@quotelevel=\count543
\@quotereset=\count544
(./main.aux)
\openout1 = `main.aux'.

LaTeX Font Info:    Checking defaults for OML/cmm/m/it on input line 4.
LaTeX Font Info:    ... okay on input line 4.
LaTeX Font Info:    Checking defaults for OMS/cmsy/m/n on input line 4.
LaTeX Font Info:    ... okay on input line 4.
LaTeX Font Info:    Checking defaults for OT1/cmr/m/n on input line 4.
LaTeX Font Info:    ... okay on input line 4.
LaTeX Font Info:    Checking defaults for T1/cmr/m/n on input line 4.
LaTeX Font Info:    ... okay on input line 4.
LaTeX Font Info:    Checking defaults for TS1/cmr/m/n on input line 4.
LaTeX Font Info:    ... okay on input line 4.
LaTeX Font Info:    Checking defaults for OMX/cmex/m/n on input line 4.
LaTeX Font Info:    ... okay on input line 4.
LaTeX Font Info:    Checking defaults for U/cmr/m/n on input line 4.
LaTeX Font Info:    ... okay on input line 4.
LaTeX Font Info:    Checking defaults for PD1/pdf/m/n on input line 4.
LaTeX Font Info:    ... okay on input line 4.
LaTeX Font Info:    Checking defaults for PU/pdf/m/n on input line 4.
LaTeX Font Info:    ... okay on input line 4.
Package scrbase Info: activating english \abstractname on input line 4.
Package scrbase Info: activating english \partname on input line 4.
Package scrbase Info: activating english \figurename on input line 4.
Package scrbase Info: activating english \tablename on input line 4.
Package scrbase Info: activating english \contentsname on input line 4.
Package scrbase Info: activating english \listfigurename on input line 4.
Package scrbase Info: activating english \listtablename on input line 4.
Package scrbase Info: activating english \refname on input line 4.
Package scrbase Info: activating english \indexname on input line 4.

(/nix/store/vdfydf2g9pzrd0sx8595ab9qac3ybgml-texlive-combined-full-2024-final-t
exmfdist/tex/latex/translations/translations-basic-dictionary-english.trsl
File: translations-basic-dictionary-english.trsl (english translation file `tra
nslations-basic-dictionary')
)
Package translations Info: loading dictionary `translations-basic-dictionary' f
or `english'. on input line 4.

Package chemgreek Info: Activating mapping `default' on line 4.


(/nix/store/vdfydf2g9pzrd0sx8595ab9qac3ybgml-texlive-combined-full-2024-final-t
exmfdist/tex/context/base/mkii/supp-pdf.mkii
[Loading MPS to PDF converter (version 2006.09.02).]
\scratchcounter=\count545
\scratchdimen=\dimen332
\scratchbox=\box151
\nofMPsegments=\count546
\nofMParguments=\count547
\everyMPshowfont=\toks51
\MPscratchCnt=\count548
\MPscratchDim=\dimen333
\MPnumerator=\count549
\makeMPintoPDFobject=\count550
\everyMPtoPDFconversion=\toks52
)
(/nix/store/vdfydf2g9pzrd0sx8595ab9qac3ybgml-texlive-combined-full-2024-final-t
exmfdist/tex/latex/epstopdf-pkg/epstopdf-base.sty
Package: epstopdf-base 2020-01-24 v2.11 Base part for package epstopdf
Package epstopdf-base Info: Redefining graphics rule for `.eps' on input line 4
85.

(/nix/store/vdfydf2g9pzrd0sx8595ab9qac3ybgml-texlive-combined-full-2024-final-t
exmfdist/tex/latex/latexconfig/epstopdf-sys.cfg
File: epstopdf-sys.cfg 2010/07/13 v1.3 Configuration of (r)epstopdf for TeX Liv
e
))
LaTeX Info: Redefining \microtypecontext on input line 4.
Package microtype Info: Applying patch `item' on input line 4.
Package microtype Info: Applying patch `toc' on input line 4.
Package microtype Info: Applying patch `eqnum' on input line 4.
Package microtype Info: Applying patch `footnote' on input line 4.
Package microtype Info: Applying patch `verbatim' on input line 4.
LaTeX Info: Redefining \microtypesetup on input line 4.
Package microtype Info: Generating PDF output.
Package microtype Info: Character protrusion enabled (level 2).
Package microtype Info: Using default protrusion set `alltext'.
Package microtype Info: Automatic font expansion enabled (level 2),
(microtype)             stretch: 20, shrink: 20, step: 1, non-selected.
Package microtype Info: Using default expansion set `alltext-nott'.
LaTeX Info: Redefining \showhyphens on input line 4.
Package microtype Info: No adjustment of tracking.
Package microtype Info: No adjustment of interword spacing.
Package microtype Info: No adjustment of character kerning.

(/nix/store/vdfydf2g9pzrd0sx8595ab9qac3ybgml-texlive-combined-full-2024-final-t
exmfdist/tex/latex/microtype/mt-cmr.cfg
File: mt-cmr.cfg 2013/05/19 v2.2 microtype config. file: Computer Modern Roman 
(RS)
)
Package caption Info: Begin \AtBeginDocument code.
Package caption Info: subfig package v1.3 is loaded.
Package caption Info: hyperref package is loaded.
Package caption Info: listings package is loaded.
Package caption Info: End \AtBeginDocument code.

(/nix/store/vdfydf2g9pzrd0sx8595ab9qac3ybgml-texlive-combined-full-2024-final-t
exmfdist/tex/latex/pdflscape/pdflscape.sty
Package: pdflscape 2022-10-27 v0.13 Display of landscape pages in PDF

(/nix/store/vdfydf2g9pzrd0sx8595ab9qac3ybgml-texlive-combined-full-2024-final-t
exmfdist/tex/latex/pdflscape/pdflscape-nometadata.sty
Package: pdflscape-nometadata 2022-10-28 v0.13 Display of landscape pages in PD
F (HO)

(/nix/store/vdfydf2g9pzrd0sx8595ab9qac3ybgml-texlive-combined-full-2024-final-t
exmfdist/tex/latex/graphics/lscape.sty
Package: lscape 2020/05/28 v3.02 Landscape Pages (DPC)
)
Package pdflscape Info: Auto-detected driver: pdftex on input line 81.
))
\c@lstlisting=\count551
Package tocbasic Info: setting babel extension for `lol' on input line 4.
\scr@dte@lstlisting@maxnumwidth=\skip122


Package todonotes Warning: The length marginparwidth is less than 2cm and will 
most likely cause issues with the appearance of inserted todonotes. The issue c
an be solved by adding a line like \setlength {\marginparwidth }{2cm} prior to 
loading the todonotes package. on input line 4.

Package biblatex Info: Trying to load language 'english'...
Package biblatex Info: ... file 'english.lbx' found.

(/nix/store/vdfydf2g9pzrd0sx8595ab9qac3ybgml-texlive-combined-full-2024-final-t
exmfdist/tex/latex/biblatex/lbx/english.lbx
File: english.lbx 2024/03/21 v3.20 biblatex localization (PK/MW)
)
Package biblatex Info: Input encoding 'utf8' detected.
Package biblatex Info: Automatic encoding selection.
(biblatex)             Assuming data encoding 'utf8'.
\openout4 = `main.bcf'.

Package biblatex Info: Trying to load bibliographic data...
Package biblatex Info: ... file 'main.bbl' found.
 (./main.bbl)
Package biblatex Info: Reference section=0 on input line 4.
Package biblatex Info: Reference segment=0 on input line 4.
Package hyperref Info: Link coloring OFF on input line 4.
 (./main.out)
(./main.out)
\@outlinefile=\write5
\openout5 = `main.out'.

Class scrartcl Info: loading recommended package `bookmark'.
(scrartcl)           Using `bookmark' together with `hyperref' is recommended,
(scrartcl)           because of handling of possible bookmark level gaps.
(scrartcl)           You can avoid loading `bookmark' with KOMA-Script option
(scrartcl)           `bookmarkpackage=false' before \begin{document} and
(scrartcl)           you can avoid this message adding:
(scrartcl)             \usepackage{bookmark}
(scrartcl)           before \begin{document} on input line 4.

(/nix/store/vdfydf2g9pzrd0sx8595ab9qac3ybgml-texlive-combined-full-2024-final-t
exmfdist/tex/latex/bookmark/bookmark.sty
Package: bookmark 2023-12-10 v1.31 PDF bookmarks (HO)

(/nix/store/vdfydf2g9pzrd0sx8595ab9qac3ybgml-texlive-combined-full-2024-final-t
exmfdist/tex/latex/bookmark/bkm-pdftex.def
File: bkm-pdftex.def 2023-12-10 v1.31 bookmark driver for pdfTeX and luaTeX (HO
)
\BKM@id=\count552
))
Package cleveref Info: loaded `english' language definitions on input line 4.
Package scrbase Info: activating english \figurename on input line 4.
Package cleveref Info: loaded `english' language definitions on input line 4.
Package scrbase Info: activating english \tablename on input line 4.
 (./00a_cover.tex

Package scrlayer-scrpage Warning: replacing deprecated \clearscrheadfoot by
(scrlayer-scrpage)                \clearpairofpagestyles on input line 11.

<UCA-Logo-2niveaux-RVB.jpg, id=43, 250.536pt x 105.7551pt>
File: UCA-Logo-2niveaux-RVB.jpg Graphic file (type jpg)
<use UCA-Logo-2niveaux-RVB.jpg>
Package pdftex.def Info: UCA-Logo-2niveaux-RVB.jpg  used on input line 17.
(pdftex.def)             Requested size: 478.00635pt x 201.77588pt.


[1

{/nix/store/mb6nrxkql64q5q3qsfbdqaihpdaq8h9p-texlive-combined-full-2024-final/s
hare/texmf-var/fonts/map/pdftex/updmap/pdftex.map}{/nix/store/vdfydf2g9pzrd0sx8
595ab9qac3ybgml-texlive-combined-full-2024-final-texmfdist/fonts/enc/dvips/lm/l
m-ec.enc} <./UCA-Logo-2niveaux-RVB.jpg>])
(/nix/store/vdfydf2g9pzrd0sx8595ab9qac3ybgml-texlive-combined-full-2024-final-t
exmfdist/tex/latex/listings/lstlang1.sty
File: lstlang1.sty 2024/09/23 1.10c listings language file
)
(/nix/store/vdfydf2g9pzrd0sx8595ab9qac3ybgml-texlive-combined-full-2024-final-t
exmfdist/tex/latex/listings/lstlang2.sty
File: lstlang2.sty 2024/09/23 1.10c listings language file
)
(/nix/store/vdfydf2g9pzrd0sx8595ab9qac3ybgml-texlive-combined-full-2024-final-t
exmfdist/tex/latex/listings/lstlang3.sty
File: lstlang3.sty 2024/09/23 1.10c listings language file
)
(/nix/store/vdfydf2g9pzrd0sx8595ab9qac3ybgml-texlive-combined-full-2024-final-t
exmfdist/tex/latex/listings/lstlang1.sty
File: lstlang1.sty 2024/09/23 1.10c listings language file
)
(/nix/store/vdfydf2g9pzrd0sx8595ab9qac3ybgml-texlive-combined-full-2024-final-t
exmfdist/tex/latex/listings/lstlang2.sty
File: lstlang2.sty 2024/09/23 1.10c listings language file
)
(/nix/store/vdfydf2g9pzrd0sx8595ab9qac3ybgml-texlive-combined-full-2024-final-t
exmfdist/tex/latex/listings/lstlang3.sty
File: lstlang3.sty 2024/09/23 1.10c listings language file
)
(/nix/store/vdfydf2g9pzrd0sx8595ab9qac3ybgml-texlive-combined-full-2024-final-t
exmfdist/tex/latex/listings/lstlang1.sty
File: lstlang1.sty 2024/09/23 1.10c listings language file
)
(/nix/store/vdfydf2g9pzrd0sx8595ab9qac3ybgml-texlive-combined-full-2024-final-t
exmfdist/tex/latex/listings/lstlang2.sty
File: lstlang2.sty 2024/09/23 1.10c listings language file
)
(/nix/store/vdfydf2g9pzrd0sx8595ab9qac3ybgml-texlive-combined-full-2024-final-t
exmfdist/tex/latex/listings/lstlang3.sty
File: lstlang3.sty 2024/09/23 1.10c listings language file
)
(/nix/store/vdfydf2g9pzrd0sx8595ab9qac3ybgml-texlive-combined-full-2024-final-t
exmfdist/tex/latex/listings/lstmisc.sty
File: lstmisc.sty 2024/09/23 1.10c (Carsten Heinz)
)
LaTeX Font Info:    Trying to load font information for T1+lmss on input line 1
9.

(/nix/store/vdfydf2g9pzrd0sx8595ab9qac3ybgml-texlive-combined-full-2024-final-t
exmfdist/tex/latex/lm/t1lmss.fd
File: t1lmss.fd 2015/05/01 v1.6.1 Font defs for Latin Modern
)
Package microtype Info: Loading generic protrusion settings for font family
(microtype)             `lmss' (encoding: T1).
(microtype)             For optimal results, create family-specific settings.
(microtype)             See the microtype manual for details.
Package tocbasic Info: character protrusion at toc deactivated on input line 19
.
 (./main.toc
Package cleveref Info: loaded `english' language definitions on input line 1.
LaTeX Font Info:    Trying to load font information for OT1+lmr on input line 2
.

(/nix/store/vdfydf2g9pzrd0sx8595ab9qac3ybgml-texlive-combined-full-2024-final-t
exmfdist/tex/latex/lm/ot1lmr.fd
File: ot1lmr.fd 2015/05/01 v1.6.1 Font defs for Latin Modern
)
LaTeX Font Info:    Trying to load font information for OML+lmm on input line 2
.

(/nix/store/vdfydf2g9pzrd0sx8595ab9qac3ybgml-texlive-combined-full-2024-final-t
exmfdist/tex/latex/lm/omllmm.fd
File: omllmm.fd 2015/05/01 v1.6.1 Font defs for Latin Modern
)
LaTeX Font Info:    Trying to load font information for OMS+lmsy on input line 
2.

(/nix/store/vdfydf2g9pzrd0sx8595ab9qac3ybgml-texlive-combined-full-2024-final-t
exmfdist/tex/latex/lm/omslmsy.fd
File: omslmsy.fd 2015/05/01 v1.6.1 Font defs for Latin Modern
)
LaTeX Font Info:    Trying to load font information for OMX+lmex on input line 
2.

(/nix/store/vdfydf2g9pzrd0sx8595ab9qac3ybgml-texlive-combined-full-2024-final-t
exmfdist/tex/latex/lm/omxlmex.fd
File: omxlmex.fd 2015/05/01 v1.6.1 Font defs for Latin Modern
)
LaTeX Font Info:    External font `lmex10' loaded for size
(Font)              <12> on input line 2.
LaTeX Font Info:    External font `lmex10' loaded for size
(Font)              <8> on input line 2.
LaTeX Font Info:    External font `lmex10' loaded for size
(Font)              <6> on input line 2.
)
\tf@toc=\write6
\openout6 = `main.toc'.



[1] (./02_general.tex
<HUD.png, id=87, 1411.2725pt x 896.34875pt>
File: HUD.png Graphic file (type png)
<use HUD.png>
Package pdftex.def Info: HUD.png  used on input line 9.
(pdftex.def)             Requested size: 382.40652pt x 242.87906pt.
LaTeX Font Info:    Trying to load font information for T1+lmtt on input line 1
7.

(/nix/store/vdfydf2g9pzrd0sx8595ab9qac3ybgml-texlive-combined-full-2024-final-t
exmfdist/tex/latex/lm/t1lmtt.fd
File: t1lmtt.fd 2015/05/01 v1.6.1 Font defs for Latin Modern
)
Package microtype Info: Loading generic protrusion settings for font family
(microtype)             `lmtt' (encoding: T1).
(microtype)             For optimal results, create family-specific settings.
(microtype)             See the microtype manual for details.


[2 <./HUD.png (PNG copy)>]
\g__tcobox_out_iow=\write7
\openout7 = `main.listing'.

 (./main.listing)
\openout7 = `main.listing'.

 (./main.listing)

[3]
\openout7 = `main.listing'.

 (./main.listing)
\openout7 = `main.listing'.

 (./main.listing)

[4]
\openout7 = `main.listing'.

 (./main.listing)
\openout7 = `main.listing'.

 (./main.listing)

[5]
\openout7 = `main.listing'.

 (./main.listing
LaTeX Font Info:    Trying to load font information for TS1+lmr on input line 7
.

(/nix/store/vdfydf2g9pzrd0sx8595ab9qac3ybgml-texlive-combined-full-2024-final-t
exmfdist/tex/latex/lm/ts1lmr.fd
File: ts1lmr.fd 2015/05/01 v1.6.1 Font defs for Latin Modern
))

[6]
\openout7 = `main.listing'.

 (./main.listing)

[7{/nix/store/vdfydf2g9pzrd0sx8595ab9qac3ybgml-texlive-combined-full-2024-final
-texmfdist/fonts/enc/dvips/lm/lm-ts1.enc}]
\openout7 = `main.listing'.

 (./main.listing)

[8]
\openout7 = `main.listing'.

 (./main.listing)
\openout7 = `main.listing'.

 (./main.listing)

[9{/nix/store/vdfydf2g9pzrd0sx8595ab9qac3ybgml-texlive-combined-full-2024-final
-texmfdist/fonts/enc/dvips/lm/lm-mathit.enc}]
<abilities.png, id=277, 201.75375pt x 72.27pt>
File: abilities.png Graphic file (type png)
<use abilities.png>
Package pdftex.def Info: abilities.png  used on input line 272.
(pdftex.def)             Requested size: 191.19962pt x 68.48958pt.


[10 <./abilities.png (PNG copy)>]

[11])

[12]

LaTeX Warning: Empty bibliography on input line 38.


Package caption Warning: Unused \captionsetup[subtable] on input line 41.
See the caption package documentation for explanation.

(./main.aux
Package cleveref Info: loaded `english' language definitions on input line 10.
)
 ***********
LaTeX2e <2024-11-01> patch level 2
L3 programming layer <2025-01-18>
 ***********
Package rerunfilecheck Info: File `main.out' has not changed.
(rerunfilecheck)             Checksum: D41D8CD98F00B204E9800998ECF8427E;0.
Package logreq Info: Writing requests to 'main.run.xml'.
\openout1 = `main.run.xml'.

 ) 
Here is how much of TeX's memory you used:
 52554 strings out of 473201
 1162365 string characters out of 5689025
 2388801 words of memory out of 5000000
 74695 multiletter control sequences out of 15000+600000
 635891 words of font info for 148 fonts, out of 8000000 for 9000
 1141 hyphenation exceptions out of 8191
 115i,20n,122p,10973b,2342s stack positions out of 10000i,1000n,20000p,200000b,200000s
</nix/store/vdfydf2g9pzrd0sx8595ab9qac3ybgml-texlive-combined-full-2024-final
-texmfdist/fonts/type1/public/lm/lmbx10.pfb></nix/store/vdfydf2g9pzrd0sx8595ab9
qac3ybgml-texlive-combined-full-2024-final-texmfdist/fonts/type1/public/lm/lmbx
12.pfb></nix/store/vdfydf2g9pzrd0sx8595ab9qac3ybgml-texlive-combined-full-2024-
final-texmfdist/fonts/type1/public/lm/lmmi12.pfb></nix/store/vdfydf2g9pzrd0sx85
95ab9qac3ybgml-texlive-combined-full-2024-final-texmfdist/fonts/type1/public/lm
/lmr10.pfb></nix/store/vdfydf2g9pzrd0sx8595ab9qac3ybgml-texlive-combined-full-2
024-final-texmfdist/fonts/type1/public/lm/lmr12.pfb></nix/store/vdfydf2g9pzrd0s
x8595ab9qac3ybgml-texlive-combined-full-2024-final-texmfdist/fonts/type1/public
/lm/lmri10.pfb></nix/store/vdfydf2g9pzrd0sx8595ab9qac3ybgml-texlive-combined-fu
ll-2024-final-texmfdist/fonts/type1/public/lm/lmri12.pfb></nix/store/vdfydf2g9p
zrd0sx8595ab9qac3ybgml-texlive-combined-full-2024-final-texmfdist/fonts/type1/p
ublic/lm/lmssbx10.pfb></nix/store/vdfydf2g9pzrd0sx8595ab9qac3ybgml-texlive-comb
ined-full-2024-final-texmfdist/fonts/type1/public/lm/lmtt12.pfb>
Output written on main.pdf (13 pages, 536732 bytes).
PDF statistics:
 437 PDF objects out of 1000 (max. 8388607)
 372 compressed objects within 4 object streams
 192 named destinations out of 1000 (max. 500000)
 45860 words of extra memory for PDF output out of 51595 (max. 10000000)

